[debug] [2024-12-07T15:33:28.098Z] ----------------------------------------------------------------------
[debug] [2024-12-07T15:33:28.101Z] Command:       C:\Program Files\nodejs\node.exe C:\Users\abdum\AppData\Roaming\npm\node_modules\firebase-tools\lib\bin\firebase.js emulators:start --only functions
[debug] [2024-12-07T15:33:28.101Z] CLI Version:   13.28.0
[debug] [2024-12-07T15:33:28.102Z] Platform:      win32
[debug] [2024-12-07T15:33:28.102Z] Node Version:  v20.17.0
[debug] [2024-12-07T15:33:28.102Z] Time:          Sat Dec 07 2024 18:33:28 GMT+0300 (East Africa Time)
[debug] [2024-12-07T15:33:28.102Z] ----------------------------------------------------------------------
[debug] 
[debug] [2024-12-07T15:33:28.221Z] > command requires scopes: ["email","openid","https://www.googleapis.com/auth/cloudplatformprojects.readonly","https://www.googleapis.com/auth/firebase","https://www.googleapis.com/auth/cloud-platform"]
[debug] [2024-12-07T15:33:28.222Z] > authorizing via signed-in user (abdumk148@gmail.com)
[info] i  emulators: Starting emulators: functions {"metadata":{"emulator":{"name":"hub"},"message":"Starting emulators: functions"}}
[debug] [2024-12-07T15:33:28.231Z] [logging] Logging Emulator only supports listening on one address (127.0.0.1). Not listening on ::1
[debug] [2024-12-07T15:33:28.231Z] assigned listening specs for emulators {"user":{"hub":[{"address":"127.0.0.1","family":"IPv4","port":4400},{"address":"::1","family":"IPv6","port":4400}],"ui":[{"address":"127.0.0.1","family":"IPv4","port":4000},{"address":"::1","family":"IPv6","port":4000}],"logging":[{"address":"127.0.0.1","family":"IPv4","port":4500}]},"metadata":{"message":"assigned listening specs for emulators"}}
[debug] [2024-12-07T15:33:28.236Z] [hub] writing locator at C:\Users\abdum\AppData\Local\Temp\hub-clone-2fb4a.json
[debug] [2024-12-07T15:33:28.259Z] [functions] Functions Emulator only supports listening on one address (127.0.0.1). Not listening on ::1
[debug] [2024-12-07T15:33:28.259Z] [eventarc] Eventarc Emulator only supports listening on one address (127.0.0.1). Not listening on ::1
[debug] [2024-12-07T15:33:28.259Z] [tasks] Cloud Tasks Emulator only supports listening on one address (127.0.0.1). Not listening on ::1
[debug] [2024-12-07T15:33:28.259Z] late-assigned ports for functions and eventarc emulators {"user":{"hub":[{"address":"127.0.0.1","family":"IPv4","port":4400},{"address":"::1","family":"IPv6","port":4400}],"ui":[{"address":"127.0.0.1","family":"IPv4","port":4000},{"address":"::1","family":"IPv6","port":4000}],"logging":[{"address":"127.0.0.1","family":"IPv4","port":4500}],"functions":[{"address":"127.0.0.1","family":"IPv4","port":5001}],"eventarc":[{"address":"127.0.0.1","family":"IPv4","port":9299}],"tasks":[{"address":"127.0.0.1","family":"IPv4","port":9499}]},"metadata":{"message":"late-assigned ports for functions and eventarc emulators"}}
[warn] !  functions: The following emulators are not running, calls to these services from the Functions emulator will affect production: apphosting, auth, firestore, database, hosting, pubsub, storage, dataconnect {"metadata":{"emulator":{"name":"functions"},"message":"The following emulators are not running, calls to these services from the Functions emulator will affect production: \u001b[1mapphosting, auth, firestore, database, hosting, pubsub, storage, dataconnect\u001b[22m"}}
[debug] [2024-12-07T15:33:28.263Z] defaultcredentials: writing to file C:\Users\abdum\AppData\Roaming\firebase\abdumk148_gmail_com_application_default_credentials.json
[debug] [2024-12-07T15:33:28.265Z] Setting GAC to C:\Users\abdum\AppData\Roaming\firebase\abdumk148_gmail_com_application_default_credentials.json {"metadata":{"emulator":{"name":"functions"},"message":"Setting GAC to C:\\Users\\abdum\\AppData\\Roaming\\firebase\\abdumk148_gmail_com_application_default_credentials.json"}}
[debug] [2024-12-07T15:33:28.267Z] Checked if tokens are valid: true, expires at: 1733588402866
[debug] [2024-12-07T15:33:28.267Z] Checked if tokens are valid: true, expires at: 1733588402866
[debug] [2024-12-07T15:33:28.268Z] >>> [apiv2][query] GET https://firebase.googleapis.com/v1beta1/projects/clone-2fb4a/adminSdkConfig [none]
[debug] [2024-12-07T15:33:29.212Z] <<< [apiv2][status] GET https://firebase.googleapis.com/v1beta1/projects/clone-2fb4a/adminSdkConfig 200
[debug] [2024-12-07T15:33:29.213Z] <<< [apiv2][body] GET https://firebase.googleapis.com/v1beta1/projects/clone-2fb4a/adminSdkConfig {"projectId":"clone-2fb4a","storageBucket":"clone-2fb4a.firebasestorage.app"}
[info] i  functions: Watching "C:\Users\abdum\OneDrive\Desktop\Amazon-clone\Amazone-clone-2024\amazone-clone\functions" for Cloud Functions... {"metadata":{"emulator":{"name":"functions"},"message":"Watching \"C:\\Users\\abdum\\OneDrive\\Desktop\\Amazon-clone\\Amazone-clone-2024\\amazone-clone\\functions\" for Cloud Functions..."}}
[debug] [2024-12-07T15:33:29.263Z] Validating nodejs source
[debug] [2024-12-07T15:33:30.910Z] > [functions] package.json contents: {
  "name": "functions",
  "description": "Cloud Functions for Firebase",
  "scripts": {
    "serve": "firebase emulators:start --only functions",
    "shell": "firebase functions:shell",
    "start": "npm run shell",
    "deploy": "firebase deploy --only functions",
    "logs": "firebase functions:log"
  },
  "engines": {
    "node": "18"
  },
  "main": "index.js",
  "dependencies": {
    "cors": "^2.8.5",
    "dotenv": "^16.4.7",
    "express": "^4.21.2",
    "firebase-admin": "^12.6.0",
    "firebase-functions": "^6.0.1",
    "strip": "^3.0.0",
    "stripe": "^17.4.0"
  },
  "devDependencies": {
    "firebase-functions-test": "^3.1.0"
  },
  "private": true
}
[debug] [2024-12-07T15:33:30.911Z] Building nodejs source
[debug] [2024-12-07T15:33:30.911Z] Failed to find version of module node: reached end of search path C:\Users\abdum\OneDrive\Desktop\Amazon-clone\Amazone-clone-2024\amazone-clone\functions\node_modules
[warn] !  functions: Your requested "node" version "18" doesn't match your global version "20". Using node@20 from host. 
[info] i  functions: Loaded environment variables from .env. 
[debug] [2024-12-07T15:33:30.917Z] Could not find functions.yaml. Must use http discovery
[debug] [2024-12-07T15:33:30.922Z] Found firebase-functions binary at 'C:\Users\abdum\OneDrive\Desktop\Amazon-clone\Amazone-clone-2024\amazone-clone\functions\node_modules\.bin\firebase-functions'
[info] Serving at port 8845

[debug] [2024-12-07T15:33:31.687Z] Got response from /__/functions.yaml {"endpoints":{"api":{"availableMemoryMb":null,"timeoutSeconds":null,"minInstances":null,"maxInstances":null,"ingressSettings":null,"concurrency":null,"serviceAccountEmail":null,"vpc":null,"platform":"gcfv2","labels":{},"httpsTrigger":{},"entryPoint":"api"}},"specVersion":"v1alpha1","requiredAPIs":[],"extensions":{}}
[info] +  functions: Loaded functions definitions from source: api. {"metadata":{"emulator":{"name":"functions"},"message":"Loaded functions definitions from source: api."}}
[info] +  functions[us-central1-api]: http function initialized (http://127.0.0.1:5001/clone-2fb4a/us-central1/api). {"metadata":{"emulator":{"name":"functions"},"message":"\u001b[1mhttp\u001b[22m function initialized (http://127.0.0.1:5001/clone-2fb4a/us-central1/api)."}}
[debug] [2024-12-07T15:33:36.748Z] Could not find VSCode notification endpoint: FetchError: request to http://localhost:40001/vscode/notify failed, reason: . If you are not running the Firebase Data Connect VSCode extension, this is expected and not an issue.
[info] 
┌─────────────────────────────────────────────────────────────┐
│ ✔  All emulators ready! It is now safe to connect your app. │
│ i  View Emulator UI at http://127.0.0.1:4000/               │
└─────────────────────────────────────────────────────────────┘

┌───────────┬────────────────┬─────────────────────────────────┐
│ Emulator  │ Host:Port      │ View in Emulator UI             │
├───────────┼────────────────┼─────────────────────────────────┤
│ Functions │ 127.0.0.1:5001 │ http://127.0.0.1:4000/functions │
└───────────┴────────────────┴─────────────────────────────────┘
  Emulator Hub running at 127.0.0.1:4400
  Other reserved ports: 4500

Issues? Report them at https://github.com/firebase/firebase-tools/issues and attach the *-debug.log files.
 
[debug] [2024-12-07T15:34:15.546Z] [work-queue] {"queuedWork":["/clone-2fb4a/us-central1/api/payment/create-2024-12-07T15:34:15.546Z"],"queueLength":1,"runningWork":[],"workRunningCount":0}
[debug] [2024-12-07T15:34:15.547Z] [work-queue] {"queuedWork":[],"queueLength":0,"runningWork":["/clone-2fb4a/us-central1/api/payment/create-2024-12-07T15:34:15.546Z"],"workRunningCount":1}
[debug] [2024-12-07T15:34:15.547Z] Accepted request POST /clone-2fb4a/us-central1/api/payment/create?total=2230 --> us-central1-api
[debug] [2024-12-07T15:34:15.551Z] [functions] Runtime ready! Sending request! {"metadata":{"emulator":{"name":"functions"},"message":"[functions] Runtime ready! Sending request!"}}
[debug] [2024-12-07T15:34:15.552Z] [functions] Got req.url=/clone-2fb4a/us-central1/api/payment/create?total=2230, mapping to path=/payment/create?total=2230 {"metadata":{"emulator":{"name":"functions"},"message":"[functions] Got req.url=/clone-2fb4a/us-central1/api/payment/create?total=2230, mapping to path=/payment/create?total=2230"}}
[info] i  functions: Loaded environment variables from .env. 
[debug] [2024-12-07T15:34:15.567Z] [worker-pool] addWorker(us-central1-api) {"metadata":{"emulator":{"name":"functions"},"message":"[worker-pool] addWorker(us-central1-api)"}}
[debug] [2024-12-07T15:34:15.569Z] [worker-pool] Adding worker with key us-central1-api, total=1 {"metadata":{"emulator":{"name":"functions"},"message":"[worker-pool] Adding worker with key us-central1-api, total=1"}}
[debug] [2024-12-07T15:34:17.006Z] [runtime-status] [16608] Resolved module firebase-admin {"declared":true,"installed":true,"version":"12.7.0","resolution":"C:\\Users\\abdum\\OneDrive\\Desktop\\Amazon-clone\\Amazone-clone-2024\\amazone-clone\\functions\\node_modules\\firebase-admin\\lib\\index.js"} {"metadata":{"emulator":{"name":"functions"},"function":{"name":"us-central1-api"},"extension":{},"message":"[runtime-status] [16608] Resolved module firebase-admin {\"declared\":true,\"installed\":true,\"version\":\"12.7.0\",\"resolution\":\"C:\\\\Users\\\\abdum\\\\OneDrive\\\\Desktop\\\\Amazon-clone\\\\Amazone-clone-2024\\\\amazone-clone\\\\functions\\\\node_modules\\\\firebase-admin\\\\lib\\\\index.js\"}"}}
[debug] [2024-12-07T15:34:17.007Z] [runtime-status] [16608] Resolved module firebase-functions {"declared":true,"installed":true,"version":"6.1.1","resolution":"C:\\Users\\abdum\\OneDrive\\Desktop\\Amazon-clone\\Amazone-clone-2024\\amazone-clone\\functions\\node_modules\\firebase-functions\\lib\\v2\\index.js"} {"metadata":{"emulator":{"name":"functions"},"function":{"name":"us-central1-api"},"extension":{},"message":"[runtime-status] [16608] Resolved module firebase-functions {\"declared\":true,\"installed\":true,\"version\":\"6.1.1\",\"resolution\":\"C:\\\\Users\\\\abdum\\\\OneDrive\\\\Desktop\\\\Amazon-clone\\\\Amazone-clone-2024\\\\amazone-clone\\\\functions\\\\node_modules\\\\firebase-functions\\\\lib\\\\v2\\\\index.js\"}"}}
[debug] [2024-12-07T15:34:17.007Z] [runtime-status] [16608] Outgoing network have been stubbed. [{"name":"http","status":"mocked"},{"name":"http","status":"mocked"},{"name":"https","status":"mocked"},{"name":"https","status":"mocked"},{"name":"net","status":"mocked"}] {"metadata":{"emulator":{"name":"functions"},"function":{"name":"us-central1-api"},"extension":{},"message":"[runtime-status] [16608] Outgoing network have been stubbed. [{\"name\":\"http\",\"status\":\"mocked\"},{\"name\":\"http\",\"status\":\"mocked\"},{\"name\":\"https\",\"status\":\"mocked\"},{\"name\":\"https\",\"status\":\"mocked\"},{\"name\":\"net\",\"status\":\"mocked\"}]"}}
[debug] [2024-12-07T15:34:17.008Z] [runtime-status] [16608] Resolved module firebase-functions {"declared":true,"installed":true,"version":"6.1.1","resolution":"C:\\Users\\abdum\\OneDrive\\Desktop\\Amazon-clone\\Amazone-clone-2024\\amazone-clone\\functions\\node_modules\\firebase-functions\\lib\\v2\\index.js"} {"metadata":{"emulator":{"name":"functions"},"function":{"name":"us-central1-api"},"extension":{},"message":"[runtime-status] [16608] Resolved module firebase-functions {\"declared\":true,\"installed\":true,\"version\":\"6.1.1\",\"resolution\":\"C:\\\\Users\\\\abdum\\\\OneDrive\\\\Desktop\\\\Amazon-clone\\\\Amazone-clone-2024\\\\amazone-clone\\\\functions\\\\node_modules\\\\firebase-functions\\\\lib\\\\v2\\\\index.js\"}"}}
[debug] [2024-12-07T15:34:17.319Z] [runtime-status] [16608] Checked functions.config() {"config":{}} {"metadata":{"emulator":{"name":"functions"},"function":{"name":"us-central1-api"},"extension":{},"message":"[runtime-status] [16608] Checked functions.config() {\"config\":{}}"}}
[debug] [2024-12-07T15:34:17.319Z] [runtime-status] [16608] firebase-functions has been stubbed. {"functionsResolution":{"declared":true,"installed":true,"version":"6.1.1","resolution":"C:\\Users\\abdum\\OneDrive\\Desktop\\Amazon-clone\\Amazone-clone-2024\\amazone-clone\\functions\\node_modules\\firebase-functions\\lib\\v2\\index.js"}} {"metadata":{"emulator":{"name":"functions"},"function":{"name":"us-central1-api"},"extension":{},"message":"[runtime-status] [16608] firebase-functions has been stubbed. {\"functionsResolution\":{\"declared\":true,\"installed\":true,\"version\":\"6.1.1\",\"resolution\":\"C:\\\\Users\\\\abdum\\\\OneDrive\\\\Desktop\\\\Amazon-clone\\\\Amazone-clone-2024\\\\amazone-clone\\\\functions\\\\node_modules\\\\firebase-functions\\\\lib\\\\v2\\\\index.js\"}}"}}
[debug] [2024-12-07T15:34:17.320Z] [runtime-status] [16608] Resolved module firebase-functions {"declared":true,"installed":true,"version":"6.1.1","resolution":"C:\\Users\\abdum\\OneDrive\\Desktop\\Amazon-clone\\Amazone-clone-2024\\amazone-clone\\functions\\node_modules\\firebase-functions\\lib\\v2\\index.js"} {"metadata":{"emulator":{"name":"functions"},"function":{"name":"us-central1-api"},"extension":{},"message":"[runtime-status] [16608] Resolved module firebase-functions {\"declared\":true,\"installed\":true,\"version\":\"6.1.1\",\"resolution\":\"C:\\\\Users\\\\abdum\\\\OneDrive\\\\Desktop\\\\Amazon-clone\\\\Amazone-clone-2024\\\\amazone-clone\\\\functions\\\\node_modules\\\\firebase-functions\\\\lib\\\\v2\\\\index.js\"}"}}
[debug] [2024-12-07T15:34:17.325Z] [runtime-status] [16608] Resolved module firebase-admin {"declared":true,"installed":true,"version":"12.7.0","resolution":"C:\\Users\\abdum\\OneDrive\\Desktop\\Amazon-clone\\Amazone-clone-2024\\amazone-clone\\functions\\node_modules\\firebase-admin\\lib\\index.js"} {"metadata":{"emulator":{"name":"functions"},"function":{"name":"us-central1-api"},"extension":{},"message":"[runtime-status] [16608] Resolved module firebase-admin {\"declared\":true,\"installed\":true,\"version\":\"12.7.0\",\"resolution\":\"C:\\\\Users\\\\abdum\\\\OneDrive\\\\Desktop\\\\Amazon-clone\\\\Amazone-clone-2024\\\\amazone-clone\\\\functions\\\\node_modules\\\\firebase-admin\\\\lib\\\\index.js\"}"}}
[debug] [2024-12-07T15:34:17.329Z] [runtime-status] [16608] Resolved module firebase-functions {"declared":true,"installed":true,"version":"6.1.1","resolution":"C:\\Users\\abdum\\OneDrive\\Desktop\\Amazon-clone\\Amazone-clone-2024\\amazone-clone\\functions\\node_modules\\firebase-functions\\lib\\v2\\index.js"} {"metadata":{"emulator":{"name":"functions"},"function":{"name":"us-central1-api"},"extension":{},"message":"[runtime-status] [16608] Resolved module firebase-functions {\"declared\":true,\"installed\":true,\"version\":\"6.1.1\",\"resolution\":\"C:\\\\Users\\\\abdum\\\\OneDrive\\\\Desktop\\\\Amazon-clone\\\\Amazone-clone-2024\\\\amazone-clone\\\\functions\\\\node_modules\\\\firebase-functions\\\\lib\\\\v2\\\\index.js\"}"}}
[debug] [2024-12-07T15:34:17.329Z] [runtime-status] [16608] firebase-admin has been stubbed. {"adminResolution":{"declared":true,"installed":true,"version":"12.7.0","resolution":"C:\\Users\\abdum\\OneDrive\\Desktop\\Amazon-clone\\Amazone-clone-2024\\amazone-clone\\functions\\node_modules\\firebase-admin\\lib\\index.js"}} {"metadata":{"emulator":{"name":"functions"},"function":{"name":"us-central1-api"},"extension":{},"message":"[runtime-status] [16608] firebase-admin has been stubbed. {\"adminResolution\":{\"declared\":true,\"installed\":true,\"version\":\"12.7.0\",\"resolution\":\"C:\\\\Users\\\\abdum\\\\OneDrive\\\\Desktop\\\\Amazon-clone\\\\Amazone-clone-2024\\\\amazone-clone\\\\functions\\\\node_modules\\\\firebase-admin\\\\lib\\\\index.js\"}}"}}
[debug] [2024-12-07T15:34:17.516Z] [runtime-status] [16608] Functions runtime initialized. {"cwd":"C:\\Users\\abdum\\OneDrive\\Desktop\\Amazon-clone\\Amazone-clone-2024\\amazone-clone\\functions","node_version":"20.17.0"} {"metadata":{"emulator":{"name":"functions"},"function":{"name":"us-central1-api"},"extension":{},"message":"[runtime-status] [16608] Functions runtime initialized. {\"cwd\":\"C:\\\\Users\\\\abdum\\\\OneDrive\\\\Desktop\\\\Amazon-clone\\\\Amazone-clone-2024\\\\amazone-clone\\\\functions\",\"node_version\":\"20.17.0\"}"}}
[debug] [2024-12-07T15:34:17.516Z] [runtime-status] [16608] Listening to port: \\?\pipe\fire_emu_5d04f144de294bb1 {"metadata":{"emulator":{"name":"functions"},"function":{"name":"us-central1-api"},"extension":{},"message":"[runtime-status] [16608] Listening to port: \\\\?\\pipe\\fire_emu_5d04f144de294bb1"}}
[debug] [2024-12-07T15:34:17.606Z] [worker-us-central1-api-0b16e3e9-a7ba-45fb-a44e-8b53f631bd68]: IDLE {"metadata":{"emulator":{"name":"functions"},"function":{"name":"us-central1-api"},"extension":{},"message":"[worker-us-central1-api-0b16e3e9-a7ba-45fb-a44e-8b53f631bd68]: IDLE"}}
[debug] [2024-12-07T15:34:17.607Z] [worker-pool] submitRequest(triggerId=us-central1-api) {"metadata":{"emulator":{"name":"functions"},"message":"[worker-pool] submitRequest(triggerId=us-central1-api)"}}
[info] i  functions: Beginning execution of "us-central1-api" {"metadata":{"emulator":{"name":"functions"},"function":{"name":"us-central1-api"},"extension":{},"message":"Beginning execution of \"us-central1-api\""}}
[debug] [2024-12-07T15:34:17.609Z] [worker-us-central1-api-0b16e3e9-a7ba-45fb-a44e-8b53f631bd68]: BUSY {"metadata":{"emulator":{"name":"functions"},"function":{"name":"us-central1-api"},"extension":{},"message":"[worker-us-central1-api-0b16e3e9-a7ba-45fb-a44e-8b53f631bd68]: BUSY"}}
[info] >  { {"user":"{","metadata":{"emulator":{"name":"functions"},"function":{"name":"us-central1-api"},"extension":{},"message":"\u001b[90m> \u001b[39m {"}}
[info] >    id: 'pi_3QTQ1ZGIRryRUydW1EqLfEcJ', {"user":"  id: 'pi_3QTQ1ZGIRryRUydW1EqLfEcJ',","metadata":{"emulator":{"name":"functions"},"function":{"name":"us-central1-api"},"extension":{},"message":"\u001b[90m> \u001b[39m   id: 'pi_3QTQ1ZGIRryRUydW1EqLfEcJ',"}}
[info] >    object: 'payment_intent', {"user":"  object: 'payment_intent',","metadata":{"emulator":{"name":"functions"},"function":{"name":"us-central1-api"},"extension":{},"message":"\u001b[90m> \u001b[39m   object: 'payment_intent',"}}
[info] >    amount: 2230, {"user":"  amount: 2230,","metadata":{"emulator":{"name":"functions"},"function":{"name":"us-central1-api"},"extension":{},"message":"\u001b[90m> \u001b[39m   amount: 2230,"}}
[info] >    amount_capturable: 0, {"user":"  amount_capturable: 0,","metadata":{"emulator":{"name":"functions"},"function":{"name":"us-central1-api"},"extension":{},"message":"\u001b[90m> \u001b[39m   amount_capturable: 0,"}}
[info] >    amount_details: { tip: {} }, {"user":"  amount_details: { tip: {} },","metadata":{"emulator":{"name":"functions"},"function":{"name":"us-central1-api"},"extension":{},"message":"\u001b[90m> \u001b[39m   amount_details: { tip: {} },"}}
[info] >    amount_received: 0, {"user":"  amount_received: 0,","metadata":{"emulator":{"name":"functions"},"function":{"name":"us-central1-api"},"extension":{},"message":"\u001b[90m> \u001b[39m   amount_received: 0,"}}
[info] >    application: null, {"user":"  application: null,","metadata":{"emulator":{"name":"functions"},"function":{"name":"us-central1-api"},"extension":{},"message":"\u001b[90m> \u001b[39m   application: null,"}}
[info] >    application_fee_amount: null, {"user":"  application_fee_amount: null,","metadata":{"emulator":{"name":"functions"},"function":{"name":"us-central1-api"},"extension":{},"message":"\u001b[90m> \u001b[39m   application_fee_amount: null,"}}
[info] >    automatic_payment_methods: { allow_redirects: 'always', enabled: true }, {"user":"  automatic_payment_methods: { allow_redirects: 'always', enabled: true },","metadata":{"emulator":{"name":"functions"},"function":{"name":"us-central1-api"},"extension":{},"message":"\u001b[90m> \u001b[39m   automatic_payment_methods: { allow_redirects: 'always', enabled: true },"}}
[info] >    canceled_at: null, {"user":"  canceled_at: null,","metadata":{"emulator":{"name":"functions"},"function":{"name":"us-central1-api"},"extension":{},"message":"\u001b[90m> \u001b[39m   canceled_at: null,"}}
[info] >    cancellation_reason: null, {"user":"  cancellation_reason: null,","metadata":{"emulator":{"name":"functions"},"function":{"name":"us-central1-api"},"extension":{},"message":"\u001b[90m> \u001b[39m   cancellation_reason: null,"}}
[info] >    capture_method: 'automatic_async', {"user":"  capture_method: 'automatic_async',","metadata":{"emulator":{"name":"functions"},"function":{"name":"us-central1-api"},"extension":{},"message":"\u001b[90m> \u001b[39m   capture_method: 'automatic_async',"}}
[info] >    client_secret: 'pi_3QTQ1ZGIRryRUydW1EqLfEcJ_secret_R9UJCWI0GwpcGtPaTlXskrOk5', {"user":"  client_secret: 'pi_3QTQ1ZGIRryRUydW1EqLfEcJ_secret_R9UJCWI0GwpcGtPaTlXskrOk5',","metadata":{"emulator":{"name":"functions"},"function":{"name":"us-central1-api"},"extension":{},"message":"\u001b[90m> \u001b[39m   client_secret: 'pi_3QTQ1ZGIRryRUydW1EqLfEcJ_secret_R9UJCWI0GwpcGtPaTlXskrOk5',"}}
[info] >    confirmation_method: 'automatic', {"user":"  confirmation_method: 'automatic',","metadata":{"emulator":{"name":"functions"},"function":{"name":"us-central1-api"},"extension":{},"message":"\u001b[90m> \u001b[39m   confirmation_method: 'automatic',"}}
[info] >    created: 1733585669, {"user":"  created: 1733585669,","metadata":{"emulator":{"name":"functions"},"function":{"name":"us-central1-api"},"extension":{},"message":"\u001b[90m> \u001b[39m   created: 1733585669,"}}
[info] >    currency: 'usd', {"user":"  currency: 'usd',","metadata":{"emulator":{"name":"functions"},"function":{"name":"us-central1-api"},"extension":{},"message":"\u001b[90m> \u001b[39m   currency: 'usd',"}}
[info] >    customer: null, {"user":"  customer: null,","metadata":{"emulator":{"name":"functions"},"function":{"name":"us-central1-api"},"extension":{},"message":"\u001b[90m> \u001b[39m   customer: null,"}}
[info] >    description: null, {"user":"  description: null,","metadata":{"emulator":{"name":"functions"},"function":{"name":"us-central1-api"},"extension":{},"message":"\u001b[90m> \u001b[39m   description: null,"}}
[info] >    invoice: null, {"user":"  invoice: null,","metadata":{"emulator":{"name":"functions"},"function":{"name":"us-central1-api"},"extension":{},"message":"\u001b[90m> \u001b[39m   invoice: null,"}}
[info] >    last_payment_error: null, {"user":"  last_payment_error: null,","metadata":{"emulator":{"name":"functions"},"function":{"name":"us-central1-api"},"extension":{},"message":"\u001b[90m> \u001b[39m   last_payment_error: null,"}}
[info] >    latest_charge: null, {"user":"  latest_charge: null,","metadata":{"emulator":{"name":"functions"},"function":{"name":"us-central1-api"},"extension":{},"message":"\u001b[90m> \u001b[39m   latest_charge: null,"}}
[info] >    livemode: false, {"user":"  livemode: false,","metadata":{"emulator":{"name":"functions"},"function":{"name":"us-central1-api"},"extension":{},"message":"\u001b[90m> \u001b[39m   livemode: false,"}}
[info] >    metadata: {}, {"user":"  metadata: {},","metadata":{"emulator":{"name":"functions"},"function":{"name":"us-central1-api"},"extension":{},"message":"\u001b[90m> \u001b[39m   metadata: {},"}}
[info] >    next_action: null, {"user":"  next_action: null,","metadata":{"emulator":{"name":"functions"},"function":{"name":"us-central1-api"},"extension":{},"message":"\u001b[90m> \u001b[39m   next_action: null,"}}
[info] >    on_behalf_of: null, {"user":"  on_behalf_of: null,","metadata":{"emulator":{"name":"functions"},"function":{"name":"us-central1-api"},"extension":{},"message":"\u001b[90m> \u001b[39m   on_behalf_of: null,"}}
[info] >    payment_method: null, {"user":"  payment_method: null,","metadata":{"emulator":{"name":"functions"},"function":{"name":"us-central1-api"},"extension":{},"message":"\u001b[90m> \u001b[39m   payment_method: null,"}}
[info] >    payment_method_configuration_details: { id: 'pmc_1QSyp8GIRryRUydWTNOsa7wm', parent: null }, {"user":"  payment_method_configuration_details: { id: 'pmc_1QSyp8GIRryRUydWTNOsa7wm', parent: null },","metadata":{"emulator":{"name":"functions"},"function":{"name":"us-central1-api"},"extension":{},"message":"\u001b[90m> \u001b[39m   payment_method_configuration_details: { id: 'pmc_1QSyp8GIRryRUydWTNOsa7wm', parent: null },"}}
[info] >    payment_method_options: { {"user":"  payment_method_options: {","metadata":{"emulator":{"name":"functions"},"function":{"name":"us-central1-api"},"extension":{},"message":"\u001b[90m> \u001b[39m   payment_method_options: {"}}
[info] >      amazon_pay: { express_checkout_element_session_id: null }, {"user":"    amazon_pay: { express_checkout_element_session_id: null },","metadata":{"emulator":{"name":"functions"},"function":{"name":"us-central1-api"},"extension":{},"message":"\u001b[90m> \u001b[39m     amazon_pay: { express_checkout_element_session_id: null },"}}
[info] >      card: { {"user":"    card: {","metadata":{"emulator":{"name":"functions"},"function":{"name":"us-central1-api"},"extension":{},"message":"\u001b[90m> \u001b[39m     card: {"}}
[info] >        installments: null, {"user":"      installments: null,","metadata":{"emulator":{"name":"functions"},"function":{"name":"us-central1-api"},"extension":{},"message":"\u001b[90m> \u001b[39m       installments: null,"}}
[info] >        mandate_options: null, {"user":"      mandate_options: null,","metadata":{"emulator":{"name":"functions"},"function":{"name":"us-central1-api"},"extension":{},"message":"\u001b[90m> \u001b[39m       mandate_options: null,"}}
[info] >        network: null, {"user":"      network: null,","metadata":{"emulator":{"name":"functions"},"function":{"name":"us-central1-api"},"extension":{},"message":"\u001b[90m> \u001b[39m       network: null,"}}
[info] >        request_three_d_secure: 'automatic' {"user":"      request_three_d_secure: 'automatic'","metadata":{"emulator":{"name":"functions"},"function":{"name":"us-central1-api"},"extension":{},"message":"\u001b[90m> \u001b[39m       request_three_d_secure: 'automatic'"}}
[info] >      }, {"user":"    },","metadata":{"emulator":{"name":"functions"},"function":{"name":"us-central1-api"},"extension":{},"message":"\u001b[90m> \u001b[39m     },"}}
[info] >      cashapp: {}, {"user":"    cashapp: {},","metadata":{"emulator":{"name":"functions"},"function":{"name":"us-central1-api"},"extension":{},"message":"\u001b[90m> \u001b[39m     cashapp: {},"}}
[info] >      klarna: { preferred_locale: null }, {"user":"    klarna: { preferred_locale: null },","metadata":{"emulator":{"name":"functions"},"function":{"name":"us-central1-api"},"extension":{},"message":"\u001b[90m> \u001b[39m     klarna: { preferred_locale: null },"}}
[info] >      link: { persistent_token: null } {"user":"    link: { persistent_token: null }","metadata":{"emulator":{"name":"functions"},"function":{"name":"us-central1-api"},"extension":{},"message":"\u001b[90m> \u001b[39m     link: { persistent_token: null }"}}
[info] >    }, {"user":"  },","metadata":{"emulator":{"name":"functions"},"function":{"name":"us-central1-api"},"extension":{},"message":"\u001b[90m> \u001b[39m   },"}}
[info] >    payment_method_types: [ 'card', 'klarna', 'link', 'cashapp', 'amazon_pay' ], {"user":"  payment_method_types: [ 'card', 'klarna', 'link', 'cashapp', 'amazon_pay' ],","metadata":{"emulator":{"name":"functions"},"function":{"name":"us-central1-api"},"extension":{},"message":"\u001b[90m> \u001b[39m   payment_method_types: [ 'card', 'klarna', 'link', 'cashapp', 'amazon_pay' ],"}}
[info] >    processing: null, {"user":"  processing: null,","metadata":{"emulator":{"name":"functions"},"function":{"name":"us-central1-api"},"extension":{},"message":"\u001b[90m> \u001b[39m   processing: null,"}}
[info] >    receipt_email: null, {"user":"  receipt_email: null,","metadata":{"emulator":{"name":"functions"},"function":{"name":"us-central1-api"},"extension":{},"message":"\u001b[90m> \u001b[39m   receipt_email: null,"}}
[info] >    review: null, {"user":"  review: null,","metadata":{"emulator":{"name":"functions"},"function":{"name":"us-central1-api"},"extension":{},"message":"\u001b[90m> \u001b[39m   review: null,"}}
[info] >    setup_future_usage: null, {"user":"  setup_future_usage: null,","metadata":{"emulator":{"name":"functions"},"function":{"name":"us-central1-api"},"extension":{},"message":"\u001b[90m> \u001b[39m   setup_future_usage: null,"}}
[info] >    shipping: null, {"user":"  shipping: null,","metadata":{"emulator":{"name":"functions"},"function":{"name":"us-central1-api"},"extension":{},"message":"\u001b[90m> \u001b[39m   shipping: null,"}}
[info] >    source: null, {"user":"  source: null,","metadata":{"emulator":{"name":"functions"},"function":{"name":"us-central1-api"},"extension":{},"message":"\u001b[90m> \u001b[39m   source: null,"}}
[info] >    statement_descriptor: null, {"user":"  statement_descriptor: null,","metadata":{"emulator":{"name":"functions"},"function":{"name":"us-central1-api"},"extension":{},"message":"\u001b[90m> \u001b[39m   statement_descriptor: null,"}}
[info] >    statement_descriptor_suffix: null, {"user":"  statement_descriptor_suffix: null,","metadata":{"emulator":{"name":"functions"},"function":{"name":"us-central1-api"},"extension":{},"message":"\u001b[90m> \u001b[39m   statement_descriptor_suffix: null,"}}
[info] >    status: 'requires_payment_method', {"user":"  status: 'requires_payment_method',","metadata":{"emulator":{"name":"functions"},"function":{"name":"us-central1-api"},"extension":{},"message":"\u001b[90m> \u001b[39m   status: 'requires_payment_method',"}}
[info] >    transfer_data: null, {"user":"  transfer_data: null,","metadata":{"emulator":{"name":"functions"},"function":{"name":"us-central1-api"},"extension":{},"message":"\u001b[90m> \u001b[39m   transfer_data: null,"}}
[info] >    transfer_group: null {"user":"  transfer_group: null","metadata":{"emulator":{"name":"functions"},"function":{"name":"us-central1-api"},"extension":{},"message":"\u001b[90m> \u001b[39m   transfer_group: null"}}
[info] >  } {"user":"}","metadata":{"emulator":{"name":"functions"},"function":{"name":"us-central1-api"},"extension":{},"message":"\u001b[90m> \u001b[39m }"}}
[debug] [2024-12-07T15:34:18.727Z] Finishing up request with event=pause {"metadata":{"emulator":{"name":"functions"},"function":{"name":"us-central1-api"},"extension":{},"message":"Finishing up request with event=pause"}}
[info] i  functions: Finished "us-central1-api" in 1118.507ms {"metadata":{"emulator":{"name":"functions"},"function":{"name":"us-central1-api"},"extension":{},"message":"Finished \"us-central1-api\" in 1118.507ms"}}
[debug] [2024-12-07T15:34:18.729Z] [worker-us-central1-api-0b16e3e9-a7ba-45fb-a44e-8b53f631bd68]: IDLE {"metadata":{"emulator":{"name":"functions"},"function":{"name":"us-central1-api"},"extension":{},"message":"[worker-us-central1-api-0b16e3e9-a7ba-45fb-a44e-8b53f631bd68]: IDLE"}}
[debug] [2024-12-07T15:34:18.730Z] Finishing up request with event=finish {"metadata":{"emulator":{"name":"functions"},"function":{"name":"us-central1-api"},"extension":{},"message":"Finishing up request with event=finish"}}
[debug] [2024-12-07T15:34:18.730Z] Finishing up request with event=close {"metadata":{"emulator":{"name":"functions"},"function":{"name":"us-central1-api"},"extension":{},"message":"Finishing up request with event=close"}}
[debug] [2024-12-07T15:34:18.730Z] [work-queue] {"queuedWork":[],"queueLength":0,"runningWork":[],"workRunningCount":0}
[debug] [2024-12-07T15:44:13.606Z] [work-queue] {"queuedWork":["/clone-2fb4a/us-central1/api/payment/create-2024-12-07T15:44:13.606Z"],"queueLength":1,"runningWork":[],"workRunningCount":0}
[debug] [2024-12-07T15:44:13.607Z] [work-queue] {"queuedWork":[],"queueLength":0,"runningWork":["/clone-2fb4a/us-central1/api/payment/create-2024-12-07T15:44:13.606Z"],"workRunningCount":1}
[debug] [2024-12-07T15:44:13.607Z] Accepted request POST /clone-2fb4a/us-central1/api/payment/create?total=17799 --> us-central1-api
[debug] [2024-12-07T15:44:13.610Z] [functions] Runtime ready! Sending request! {"metadata":{"emulator":{"name":"functions"},"message":"[functions] Runtime ready! Sending request!"}}
[debug] [2024-12-07T15:44:13.610Z] [functions] Got req.url=/clone-2fb4a/us-central1/api/payment/create?total=17799, mapping to path=/payment/create?total=17799 {"metadata":{"emulator":{"name":"functions"},"message":"[functions] Got req.url=/clone-2fb4a/us-central1/api/payment/create?total=17799, mapping to path=/payment/create?total=17799"}}
[debug] [2024-12-07T15:44:13.611Z] [worker-pool] submitRequest(triggerId=us-central1-api) {"metadata":{"emulator":{"name":"functions"},"message":"[worker-pool] submitRequest(triggerId=us-central1-api)"}}
[info] i  functions: Beginning execution of "us-central1-api" {"metadata":{"emulator":{"name":"functions"},"function":{"name":"us-central1-api"},"extension":{},"message":"Beginning execution of \"us-central1-api\""}}
[debug] [2024-12-07T15:44:13.611Z] [worker-us-central1-api-0b16e3e9-a7ba-45fb-a44e-8b53f631bd68]: BUSY {"metadata":{"emulator":{"name":"functions"},"function":{"name":"us-central1-api"},"extension":{},"message":"[worker-us-central1-api-0b16e3e9-a7ba-45fb-a44e-8b53f631bd68]: BUSY"}}
[info] >  { {"user":"{","metadata":{"emulator":{"name":"functions"},"function":{"name":"us-central1-api"},"extension":{},"message":"\u001b[90m> \u001b[39m {"}}
[info] >    id: 'pi_3QTQBCGIRryRUydW1k3XHRe2', {"user":"  id: 'pi_3QTQBCGIRryRUydW1k3XHRe2',","metadata":{"emulator":{"name":"functions"},"function":{"name":"us-central1-api"},"extension":{},"message":"\u001b[90m> \u001b[39m   id: 'pi_3QTQBCGIRryRUydW1k3XHRe2',"}}
[info] >    object: 'payment_intent', {"user":"  object: 'payment_intent',","metadata":{"emulator":{"name":"functions"},"function":{"name":"us-central1-api"},"extension":{},"message":"\u001b[90m> \u001b[39m   object: 'payment_intent',"}}
[info] >    amount: 17799, {"user":"  amount: 17799,","metadata":{"emulator":{"name":"functions"},"function":{"name":"us-central1-api"},"extension":{},"message":"\u001b[90m> \u001b[39m   amount: 17799,"}}
[info] >    amount_capturable: 0, {"user":"  amount_capturable: 0,","metadata":{"emulator":{"name":"functions"},"function":{"name":"us-central1-api"},"extension":{},"message":"\u001b[90m> \u001b[39m   amount_capturable: 0,"}}
[info] >    amount_details: { tip: {} }, {"user":"  amount_details: { tip: {} },","metadata":{"emulator":{"name":"functions"},"function":{"name":"us-central1-api"},"extension":{},"message":"\u001b[90m> \u001b[39m   amount_details: { tip: {} },"}}
[info] >    amount_received: 0, {"user":"  amount_received: 0,","metadata":{"emulator":{"name":"functions"},"function":{"name":"us-central1-api"},"extension":{},"message":"\u001b[90m> \u001b[39m   amount_received: 0,"}}
[info] >    application: null, {"user":"  application: null,","metadata":{"emulator":{"name":"functions"},"function":{"name":"us-central1-api"},"extension":{},"message":"\u001b[90m> \u001b[39m   application: null,"}}
[info] >    application_fee_amount: null, {"user":"  application_fee_amount: null,","metadata":{"emulator":{"name":"functions"},"function":{"name":"us-central1-api"},"extension":{},"message":"\u001b[90m> \u001b[39m   application_fee_amount: null,"}}
[info] >    automatic_payment_methods: { allow_redirects: 'always', enabled: true }, {"user":"  automatic_payment_methods: { allow_redirects: 'always', enabled: true },","metadata":{"emulator":{"name":"functions"},"function":{"name":"us-central1-api"},"extension":{},"message":"\u001b[90m> \u001b[39m   automatic_payment_methods: { allow_redirects: 'always', enabled: true },"}}
[info] >    canceled_at: null, {"user":"  canceled_at: null,","metadata":{"emulator":{"name":"functions"},"function":{"name":"us-central1-api"},"extension":{},"message":"\u001b[90m> \u001b[39m   canceled_at: null,"}}
[info] >    cancellation_reason: null, {"user":"  cancellation_reason: null,","metadata":{"emulator":{"name":"functions"},"function":{"name":"us-central1-api"},"extension":{},"message":"\u001b[90m> \u001b[39m   cancellation_reason: null,"}}
[info] >    capture_method: 'automatic_async', {"user":"  capture_method: 'automatic_async',","metadata":{"emulator":{"name":"functions"},"function":{"name":"us-central1-api"},"extension":{},"message":"\u001b[90m> \u001b[39m   capture_method: 'automatic_async',"}}
[info] >    client_secret: 'pi_3QTQBCGIRryRUydW1k3XHRe2_secret_s9DkTrKRZt0nRzvj1BG7yNlMa', {"user":"  client_secret: 'pi_3QTQBCGIRryRUydW1k3XHRe2_secret_s9DkTrKRZt0nRzvj1BG7yNlMa',","metadata":{"emulator":{"name":"functions"},"function":{"name":"us-central1-api"},"extension":{},"message":"\u001b[90m> \u001b[39m   client_secret: 'pi_3QTQBCGIRryRUydW1k3XHRe2_secret_s9DkTrKRZt0nRzvj1BG7yNlMa',"}}
[info] >    confirmation_method: 'automatic', {"user":"  confirmation_method: 'automatic',","metadata":{"emulator":{"name":"functions"},"function":{"name":"us-central1-api"},"extension":{},"message":"\u001b[90m> \u001b[39m   confirmation_method: 'automatic',"}}
[info] >    created: 1733586266, {"user":"  created: 1733586266,","metadata":{"emulator":{"name":"functions"},"function":{"name":"us-central1-api"},"extension":{},"message":"\u001b[90m> \u001b[39m   created: 1733586266,"}}
[info] >    currency: 'usd', {"user":"  currency: 'usd',","metadata":{"emulator":{"name":"functions"},"function":{"name":"us-central1-api"},"extension":{},"message":"\u001b[90m> \u001b[39m   currency: 'usd',"}}
[info] >    customer: null, {"user":"  customer: null,","metadata":{"emulator":{"name":"functions"},"function":{"name":"us-central1-api"},"extension":{},"message":"\u001b[90m> \u001b[39m   customer: null,"}}
[info] >    description: null, {"user":"  description: null,","metadata":{"emulator":{"name":"functions"},"function":{"name":"us-central1-api"},"extension":{},"message":"\u001b[90m> \u001b[39m   description: null,"}}
[info] >    invoice: null, {"user":"  invoice: null,","metadata":{"emulator":{"name":"functions"},"function":{"name":"us-central1-api"},"extension":{},"message":"\u001b[90m> \u001b[39m   invoice: null,"}}
[info] >    last_payment_error: null, {"user":"  last_payment_error: null,","metadata":{"emulator":{"name":"functions"},"function":{"name":"us-central1-api"},"extension":{},"message":"\u001b[90m> \u001b[39m   last_payment_error: null,"}}
[info] >    latest_charge: null, {"user":"  latest_charge: null,","metadata":{"emulator":{"name":"functions"},"function":{"name":"us-central1-api"},"extension":{},"message":"\u001b[90m> \u001b[39m   latest_charge: null,"}}
[info] >    livemode: false, {"user":"  livemode: false,","metadata":{"emulator":{"name":"functions"},"function":{"name":"us-central1-api"},"extension":{},"message":"\u001b[90m> \u001b[39m   livemode: false,"}}
[info] >    metadata: {}, {"user":"  metadata: {},","metadata":{"emulator":{"name":"functions"},"function":{"name":"us-central1-api"},"extension":{},"message":"\u001b[90m> \u001b[39m   metadata: {},"}}
[info] >    next_action: null, {"user":"  next_action: null,","metadata":{"emulator":{"name":"functions"},"function":{"name":"us-central1-api"},"extension":{},"message":"\u001b[90m> \u001b[39m   next_action: null,"}}
[info] >    on_behalf_of: null, {"user":"  on_behalf_of: null,","metadata":{"emulator":{"name":"functions"},"function":{"name":"us-central1-api"},"extension":{},"message":"\u001b[90m> \u001b[39m   on_behalf_of: null,"}}
[info] >    payment_method: null, {"user":"  payment_method: null,","metadata":{"emulator":{"name":"functions"},"function":{"name":"us-central1-api"},"extension":{},"message":"\u001b[90m> \u001b[39m   payment_method: null,"}}
[info] >    payment_method_configuration_details: { id: 'pmc_1QSyp8GIRryRUydWTNOsa7wm', parent: null }, {"user":"  payment_method_configuration_details: { id: 'pmc_1QSyp8GIRryRUydWTNOsa7wm', parent: null },","metadata":{"emulator":{"name":"functions"},"function":{"name":"us-central1-api"},"extension":{},"message":"\u001b[90m> \u001b[39m   payment_method_configuration_details: { id: 'pmc_1QSyp8GIRryRUydWTNOsa7wm', parent: null },"}}
[info] >    payment_method_options: { {"user":"  payment_method_options: {","metadata":{"emulator":{"name":"functions"},"function":{"name":"us-central1-api"},"extension":{},"message":"\u001b[90m> \u001b[39m   payment_method_options: {"}}
[info] >      affirm: {}, {"user":"    affirm: {},","metadata":{"emulator":{"name":"functions"},"function":{"name":"us-central1-api"},"extension":{},"message":"\u001b[90m> \u001b[39m     affirm: {},"}}
[info] >      amazon_pay: { express_checkout_element_session_id: null }, {"user":"    amazon_pay: { express_checkout_element_session_id: null },","metadata":{"emulator":{"name":"functions"},"function":{"name":"us-central1-api"},"extension":{},"message":"\u001b[90m> \u001b[39m     amazon_pay: { express_checkout_element_session_id: null },"}}
[info] >      card: { {"user":"    card: {","metadata":{"emulator":{"name":"functions"},"function":{"name":"us-central1-api"},"extension":{},"message":"\u001b[90m> \u001b[39m     card: {"}}
[info] >        installments: null, {"user":"      installments: null,","metadata":{"emulator":{"name":"functions"},"function":{"name":"us-central1-api"},"extension":{},"message":"\u001b[90m> \u001b[39m       installments: null,"}}
[info] >        mandate_options: null, {"user":"      mandate_options: null,","metadata":{"emulator":{"name":"functions"},"function":{"name":"us-central1-api"},"extension":{},"message":"\u001b[90m> \u001b[39m       mandate_options: null,"}}
[info] >        network: null, {"user":"      network: null,","metadata":{"emulator":{"name":"functions"},"function":{"name":"us-central1-api"},"extension":{},"message":"\u001b[90m> \u001b[39m       network: null,"}}
[info] >        request_three_d_secure: 'automatic' {"user":"      request_three_d_secure: 'automatic'","metadata":{"emulator":{"name":"functions"},"function":{"name":"us-central1-api"},"extension":{},"message":"\u001b[90m> \u001b[39m       request_three_d_secure: 'automatic'"}}
[info] >      }, {"user":"    },","metadata":{"emulator":{"name":"functions"},"function":{"name":"us-central1-api"},"extension":{},"message":"\u001b[90m> \u001b[39m     },"}}
[info] >      cashapp: {}, {"user":"    cashapp: {},","metadata":{"emulator":{"name":"functions"},"function":{"name":"us-central1-api"},"extension":{},"message":"\u001b[90m> \u001b[39m     cashapp: {},"}}
[info] >      klarna: { preferred_locale: null }, {"user":"    klarna: { preferred_locale: null },","metadata":{"emulator":{"name":"functions"},"function":{"name":"us-central1-api"},"extension":{},"message":"\u001b[90m> \u001b[39m     klarna: { preferred_locale: null },"}}
[info] >      link: { persistent_token: null } {"user":"    link: { persistent_token: null }","metadata":{"emulator":{"name":"functions"},"function":{"name":"us-central1-api"},"extension":{},"message":"\u001b[90m> \u001b[39m     link: { persistent_token: null }"}}
[info] >    }, {"user":"  },","metadata":{"emulator":{"name":"functions"},"function":{"name":"us-central1-api"},"extension":{},"message":"\u001b[90m> \u001b[39m   },"}}
[info] >    payment_method_types: [ 'card', 'klarna', 'link', 'affirm', 'cashapp', 'amazon_pay' ], {"user":"  payment_method_types: [ 'card', 'klarna', 'link', 'affirm', 'cashapp', 'amazon_pay' ],","metadata":{"emulator":{"name":"functions"},"function":{"name":"us-central1-api"},"extension":{},"message":"\u001b[90m> \u001b[39m   payment_method_types: [ 'card', 'klarna', 'link', 'affirm', 'cashapp', 'amazon_pay' ],"}}
[info] >    processing: null, {"user":"  processing: null,","metadata":{"emulator":{"name":"functions"},"function":{"name":"us-central1-api"},"extension":{},"message":"\u001b[90m> \u001b[39m   processing: null,"}}
[info] >    receipt_email: null, {"user":"  receipt_email: null,","metadata":{"emulator":{"name":"functions"},"function":{"name":"us-central1-api"},"extension":{},"message":"\u001b[90m> \u001b[39m   receipt_email: null,"}}
[info] >    review: null, {"user":"  review: null,","metadata":{"emulator":{"name":"functions"},"function":{"name":"us-central1-api"},"extension":{},"message":"\u001b[90m> \u001b[39m   review: null,"}}
[info] >    setup_future_usage: null, {"user":"  setup_future_usage: null,","metadata":{"emulator":{"name":"functions"},"function":{"name":"us-central1-api"},"extension":{},"message":"\u001b[90m> \u001b[39m   setup_future_usage: null,"}}
[info] >    shipping: null, {"user":"  shipping: null,","metadata":{"emulator":{"name":"functions"},"function":{"name":"us-central1-api"},"extension":{},"message":"\u001b[90m> \u001b[39m   shipping: null,"}}
[info] >    source: null, {"user":"  source: null,","metadata":{"emulator":{"name":"functions"},"function":{"name":"us-central1-api"},"extension":{},"message":"\u001b[90m> \u001b[39m   source: null,"}}
[info] >    statement_descriptor: null, {"user":"  statement_descriptor: null,","metadata":{"emulator":{"name":"functions"},"function":{"name":"us-central1-api"},"extension":{},"message":"\u001b[90m> \u001b[39m   statement_descriptor: null,"}}
[info] >    statement_descriptor_suffix: null, {"user":"  statement_descriptor_suffix: null,","metadata":{"emulator":{"name":"functions"},"function":{"name":"us-central1-api"},"extension":{},"message":"\u001b[90m> \u001b[39m   statement_descriptor_suffix: null,"}}
[info] >    status: 'requires_payment_method', {"user":"  status: 'requires_payment_method',","metadata":{"emulator":{"name":"functions"},"function":{"name":"us-central1-api"},"extension":{},"message":"\u001b[90m> \u001b[39m   status: 'requires_payment_method',"}}
[info] >    transfer_data: null, {"user":"  transfer_data: null,","metadata":{"emulator":{"name":"functions"},"function":{"name":"us-central1-api"},"extension":{},"message":"\u001b[90m> \u001b[39m   transfer_data: null,"}}
[info] >    transfer_group: null {"user":"  transfer_group: null","metadata":{"emulator":{"name":"functions"},"function":{"name":"us-central1-api"},"extension":{},"message":"\u001b[90m> \u001b[39m   transfer_group: null"}}
[info] >  } {"user":"}","metadata":{"emulator":{"name":"functions"},"function":{"name":"us-central1-api"},"extension":{},"message":"\u001b[90m> \u001b[39m }"}}
[debug] [2024-12-07T15:44:14.834Z] Finishing up request with event=pause {"metadata":{"emulator":{"name":"functions"},"function":{"name":"us-central1-api"},"extension":{},"message":"Finishing up request with event=pause"}}
[info] i  functions: Finished "us-central1-api" in 1222.9025ms {"metadata":{"emulator":{"name":"functions"},"function":{"name":"us-central1-api"},"extension":{},"message":"Finished \"us-central1-api\" in 1222.9025ms"}}
[debug] [2024-12-07T15:44:14.835Z] [worker-us-central1-api-0b16e3e9-a7ba-45fb-a44e-8b53f631bd68]: IDLE {"metadata":{"emulator":{"name":"functions"},"function":{"name":"us-central1-api"},"extension":{},"message":"[worker-us-central1-api-0b16e3e9-a7ba-45fb-a44e-8b53f631bd68]: IDLE"}}
[debug] [2024-12-07T15:44:14.835Z] Finishing up request with event=finish {"metadata":{"emulator":{"name":"functions"},"function":{"name":"us-central1-api"},"extension":{},"message":"Finishing up request with event=finish"}}
[debug] [2024-12-07T15:44:14.836Z] Finishing up request with event=close {"metadata":{"emulator":{"name":"functions"},"function":{"name":"us-central1-api"},"extension":{},"message":"Finishing up request with event=close"}}
[debug] [2024-12-07T15:44:14.836Z] [work-queue] {"queuedWork":[],"queueLength":0,"runningWork":[],"workRunningCount":0}
[debug] [2024-12-07T15:46:54.593Z] [work-queue] {"queuedWork":["/clone-2fb4a/us-central1/api/payment/create-2024-12-07T15:46:54.593Z"],"queueLength":1,"runningWork":[],"workRunningCount":0}
[debug] [2024-12-07T15:46:54.594Z] [work-queue] {"queuedWork":[],"queueLength":0,"runningWork":["/clone-2fb4a/us-central1/api/payment/create-2024-12-07T15:46:54.593Z"],"workRunningCount":1}
[debug] [2024-12-07T15:46:54.594Z] Accepted request POST /clone-2fb4a/us-central1/api/payment/create?total=17799 --> us-central1-api
[debug] [2024-12-07T15:46:54.597Z] [functions] Runtime ready! Sending request! {"metadata":{"emulator":{"name":"functions"},"message":"[functions] Runtime ready! Sending request!"}}
[debug] [2024-12-07T15:46:54.597Z] [functions] Got req.url=/clone-2fb4a/us-central1/api/payment/create?total=17799, mapping to path=/payment/create?total=17799 {"metadata":{"emulator":{"name":"functions"},"message":"[functions] Got req.url=/clone-2fb4a/us-central1/api/payment/create?total=17799, mapping to path=/payment/create?total=17799"}}
[debug] [2024-12-07T15:46:54.597Z] [worker-pool] submitRequest(triggerId=us-central1-api) {"metadata":{"emulator":{"name":"functions"},"message":"[worker-pool] submitRequest(triggerId=us-central1-api)"}}
[info] i  functions: Beginning execution of "us-central1-api" {"metadata":{"emulator":{"name":"functions"},"function":{"name":"us-central1-api"},"extension":{},"message":"Beginning execution of \"us-central1-api\""}}
[debug] [2024-12-07T15:46:54.598Z] [worker-us-central1-api-0b16e3e9-a7ba-45fb-a44e-8b53f631bd68]: BUSY {"metadata":{"emulator":{"name":"functions"},"function":{"name":"us-central1-api"},"extension":{},"message":"[worker-us-central1-api-0b16e3e9-a7ba-45fb-a44e-8b53f631bd68]: BUSY"}}
[info] >  { {"user":"{","metadata":{"emulator":{"name":"functions"},"function":{"name":"us-central1-api"},"extension":{},"message":"\u001b[90m> \u001b[39m {"}}
[info] >    id: 'pi_3QTQDmGIRryRUydW1iJebkrE', {"user":"  id: 'pi_3QTQDmGIRryRUydW1iJebkrE',","metadata":{"emulator":{"name":"functions"},"function":{"name":"us-central1-api"},"extension":{},"message":"\u001b[90m> \u001b[39m   id: 'pi_3QTQDmGIRryRUydW1iJebkrE',"}}
[info] >    object: 'payment_intent', {"user":"  object: 'payment_intent',","metadata":{"emulator":{"name":"functions"},"function":{"name":"us-central1-api"},"extension":{},"message":"\u001b[90m> \u001b[39m   object: 'payment_intent',"}}
[info] >    amount: 17799, {"user":"  amount: 17799,","metadata":{"emulator":{"name":"functions"},"function":{"name":"us-central1-api"},"extension":{},"message":"\u001b[90m> \u001b[39m   amount: 17799,"}}
[info] >    amount_capturable: 0, {"user":"  amount_capturable: 0,","metadata":{"emulator":{"name":"functions"},"function":{"name":"us-central1-api"},"extension":{},"message":"\u001b[90m> \u001b[39m   amount_capturable: 0,"}}
[info] >    amount_details: { tip: {} }, {"user":"  amount_details: { tip: {} },","metadata":{"emulator":{"name":"functions"},"function":{"name":"us-central1-api"},"extension":{},"message":"\u001b[90m> \u001b[39m   amount_details: { tip: {} },"}}
[info] >    amount_received: 0, {"user":"  amount_received: 0,","metadata":{"emulator":{"name":"functions"},"function":{"name":"us-central1-api"},"extension":{},"message":"\u001b[90m> \u001b[39m   amount_received: 0,"}}
[info] >    application: null, {"user":"  application: null,","metadata":{"emulator":{"name":"functions"},"function":{"name":"us-central1-api"},"extension":{},"message":"\u001b[90m> \u001b[39m   application: null,"}}
[info] >    application_fee_amount: null, {"user":"  application_fee_amount: null,","metadata":{"emulator":{"name":"functions"},"function":{"name":"us-central1-api"},"extension":{},"message":"\u001b[90m> \u001b[39m   application_fee_amount: null,"}}
[info] >    automatic_payment_methods: { allow_redirects: 'always', enabled: true }, {"user":"  automatic_payment_methods: { allow_redirects: 'always', enabled: true },","metadata":{"emulator":{"name":"functions"},"function":{"name":"us-central1-api"},"extension":{},"message":"\u001b[90m> \u001b[39m   automatic_payment_methods: { allow_redirects: 'always', enabled: true },"}}
[info] >    canceled_at: null, {"user":"  canceled_at: null,","metadata":{"emulator":{"name":"functions"},"function":{"name":"us-central1-api"},"extension":{},"message":"\u001b[90m> \u001b[39m   canceled_at: null,"}}
[info] >    cancellation_reason: null, {"user":"  cancellation_reason: null,","metadata":{"emulator":{"name":"functions"},"function":{"name":"us-central1-api"},"extension":{},"message":"\u001b[90m> \u001b[39m   cancellation_reason: null,"}}
[info] >    capture_method: 'automatic_async', {"user":"  capture_method: 'automatic_async',","metadata":{"emulator":{"name":"functions"},"function":{"name":"us-central1-api"},"extension":{},"message":"\u001b[90m> \u001b[39m   capture_method: 'automatic_async',"}}
[info] >    client_secret: 'pi_3QTQDmGIRryRUydW1iJebkrE_secret_0MNzbsqbYh84ddmkwx8ZNj9tZ', {"user":"  client_secret: 'pi_3QTQDmGIRryRUydW1iJebkrE_secret_0MNzbsqbYh84ddmkwx8ZNj9tZ',","metadata":{"emulator":{"name":"functions"},"function":{"name":"us-central1-api"},"extension":{},"message":"\u001b[90m> \u001b[39m   client_secret: 'pi_3QTQDmGIRryRUydW1iJebkrE_secret_0MNzbsqbYh84ddmkwx8ZNj9tZ',"}}
[info] >    confirmation_method: 'automatic', {"user":"  confirmation_method: 'automatic',","metadata":{"emulator":{"name":"functions"},"function":{"name":"us-central1-api"},"extension":{},"message":"\u001b[90m> \u001b[39m   confirmation_method: 'automatic',"}}
[info] >    created: 1733586426, {"user":"  created: 1733586426,","metadata":{"emulator":{"name":"functions"},"function":{"name":"us-central1-api"},"extension":{},"message":"\u001b[90m> \u001b[39m   created: 1733586426,"}}
[info] >    currency: 'usd', {"user":"  currency: 'usd',","metadata":{"emulator":{"name":"functions"},"function":{"name":"us-central1-api"},"extension":{},"message":"\u001b[90m> \u001b[39m   currency: 'usd',"}}
[info] >    customer: null, {"user":"  customer: null,","metadata":{"emulator":{"name":"functions"},"function":{"name":"us-central1-api"},"extension":{},"message":"\u001b[90m> \u001b[39m   customer: null,"}}
[info] >    description: null, {"user":"  description: null,","metadata":{"emulator":{"name":"functions"},"function":{"name":"us-central1-api"},"extension":{},"message":"\u001b[90m> \u001b[39m   description: null,"}}
[info] >    invoice: null, {"user":"  invoice: null,","metadata":{"emulator":{"name":"functions"},"function":{"name":"us-central1-api"},"extension":{},"message":"\u001b[90m> \u001b[39m   invoice: null,"}}
[info] >    last_payment_error: null, {"user":"  last_payment_error: null,","metadata":{"emulator":{"name":"functions"},"function":{"name":"us-central1-api"},"extension":{},"message":"\u001b[90m> \u001b[39m   last_payment_error: null,"}}
[info] >    latest_charge: null, {"user":"  latest_charge: null,","metadata":{"emulator":{"name":"functions"},"function":{"name":"us-central1-api"},"extension":{},"message":"\u001b[90m> \u001b[39m   latest_charge: null,"}}
[info] >    livemode: false, {"user":"  livemode: false,","metadata":{"emulator":{"name":"functions"},"function":{"name":"us-central1-api"},"extension":{},"message":"\u001b[90m> \u001b[39m   livemode: false,"}}
[info] >    metadata: {}, {"user":"  metadata: {},","metadata":{"emulator":{"name":"functions"},"function":{"name":"us-central1-api"},"extension":{},"message":"\u001b[90m> \u001b[39m   metadata: {},"}}
[info] >    next_action: null, {"user":"  next_action: null,","metadata":{"emulator":{"name":"functions"},"function":{"name":"us-central1-api"},"extension":{},"message":"\u001b[90m> \u001b[39m   next_action: null,"}}
[info] >    on_behalf_of: null, {"user":"  on_behalf_of: null,","metadata":{"emulator":{"name":"functions"},"function":{"name":"us-central1-api"},"extension":{},"message":"\u001b[90m> \u001b[39m   on_behalf_of: null,"}}
[info] >    payment_method: null, {"user":"  payment_method: null,","metadata":{"emulator":{"name":"functions"},"function":{"name":"us-central1-api"},"extension":{},"message":"\u001b[90m> \u001b[39m   payment_method: null,"}}
[info] >    payment_method_configuration_details: { id: 'pmc_1QSyp8GIRryRUydWTNOsa7wm', parent: null }, {"user":"  payment_method_configuration_details: { id: 'pmc_1QSyp8GIRryRUydWTNOsa7wm', parent: null },","metadata":{"emulator":{"name":"functions"},"function":{"name":"us-central1-api"},"extension":{},"message":"\u001b[90m> \u001b[39m   payment_method_configuration_details: { id: 'pmc_1QSyp8GIRryRUydWTNOsa7wm', parent: null },"}}
[info] >    payment_method_options: { {"user":"  payment_method_options: {","metadata":{"emulator":{"name":"functions"},"function":{"name":"us-central1-api"},"extension":{},"message":"\u001b[90m> \u001b[39m   payment_method_options: {"}}
[info] >      affirm: {}, {"user":"    affirm: {},","metadata":{"emulator":{"name":"functions"},"function":{"name":"us-central1-api"},"extension":{},"message":"\u001b[90m> \u001b[39m     affirm: {},"}}
[info] >      amazon_pay: { express_checkout_element_session_id: null }, {"user":"    amazon_pay: { express_checkout_element_session_id: null },","metadata":{"emulator":{"name":"functions"},"function":{"name":"us-central1-api"},"extension":{},"message":"\u001b[90m> \u001b[39m     amazon_pay: { express_checkout_element_session_id: null },"}}
[info] >      card: { {"user":"    card: {","metadata":{"emulator":{"name":"functions"},"function":{"name":"us-central1-api"},"extension":{},"message":"\u001b[90m> \u001b[39m     card: {"}}
[info] >        installments: null, {"user":"      installments: null,","metadata":{"emulator":{"name":"functions"},"function":{"name":"us-central1-api"},"extension":{},"message":"\u001b[90m> \u001b[39m       installments: null,"}}
[info] >        mandate_options: null, {"user":"      mandate_options: null,","metadata":{"emulator":{"name":"functions"},"function":{"name":"us-central1-api"},"extension":{},"message":"\u001b[90m> \u001b[39m       mandate_options: null,"}}
[info] >        network: null, {"user":"      network: null,","metadata":{"emulator":{"name":"functions"},"function":{"name":"us-central1-api"},"extension":{},"message":"\u001b[90m> \u001b[39m       network: null,"}}
[info] >        request_three_d_secure: 'automatic' {"user":"      request_three_d_secure: 'automatic'","metadata":{"emulator":{"name":"functions"},"function":{"name":"us-central1-api"},"extension":{},"message":"\u001b[90m> \u001b[39m       request_three_d_secure: 'automatic'"}}
[info] >      }, {"user":"    },","metadata":{"emulator":{"name":"functions"},"function":{"name":"us-central1-api"},"extension":{},"message":"\u001b[90m> \u001b[39m     },"}}
[info] >      cashapp: {}, {"user":"    cashapp: {},","metadata":{"emulator":{"name":"functions"},"function":{"name":"us-central1-api"},"extension":{},"message":"\u001b[90m> \u001b[39m     cashapp: {},"}}
[info] >      klarna: { preferred_locale: null }, {"user":"    klarna: { preferred_locale: null },","metadata":{"emulator":{"name":"functions"},"function":{"name":"us-central1-api"},"extension":{},"message":"\u001b[90m> \u001b[39m     klarna: { preferred_locale: null },"}}
[info] >      link: { persistent_token: null } {"user":"    link: { persistent_token: null }","metadata":{"emulator":{"name":"functions"},"function":{"name":"us-central1-api"},"extension":{},"message":"\u001b[90m> \u001b[39m     link: { persistent_token: null }"}}
[info] >    }, {"user":"  },","metadata":{"emulator":{"name":"functions"},"function":{"name":"us-central1-api"},"extension":{},"message":"\u001b[90m> \u001b[39m   },"}}
[info] >    payment_method_types: [ 'card', 'klarna', 'link', 'affirm', 'cashapp', 'amazon_pay' ], {"user":"  payment_method_types: [ 'card', 'klarna', 'link', 'affirm', 'cashapp', 'amazon_pay' ],","metadata":{"emulator":{"name":"functions"},"function":{"name":"us-central1-api"},"extension":{},"message":"\u001b[90m> \u001b[39m   payment_method_types: [ 'card', 'klarna', 'link', 'affirm', 'cashapp', 'amazon_pay' ],"}}
[info] >    processing: null, {"user":"  processing: null,","metadata":{"emulator":{"name":"functions"},"function":{"name":"us-central1-api"},"extension":{},"message":"\u001b[90m> \u001b[39m   processing: null,"}}
[info] >    receipt_email: null, {"user":"  receipt_email: null,","metadata":{"emulator":{"name":"functions"},"function":{"name":"us-central1-api"},"extension":{},"message":"\u001b[90m> \u001b[39m   receipt_email: null,"}}
[info] >    review: null, {"user":"  review: null,","metadata":{"emulator":{"name":"functions"},"function":{"name":"us-central1-api"},"extension":{},"message":"\u001b[90m> \u001b[39m   review: null,"}}
[info] >    setup_future_usage: null, {"user":"  setup_future_usage: null,","metadata":{"emulator":{"name":"functions"},"function":{"name":"us-central1-api"},"extension":{},"message":"\u001b[90m> \u001b[39m   setup_future_usage: null,"}}
[info] >    shipping: null, {"user":"  shipping: null,","metadata":{"emulator":{"name":"functions"},"function":{"name":"us-central1-api"},"extension":{},"message":"\u001b[90m> \u001b[39m   shipping: null,"}}
[info] >    source: null, {"user":"  source: null,","metadata":{"emulator":{"name":"functions"},"function":{"name":"us-central1-api"},"extension":{},"message":"\u001b[90m> \u001b[39m   source: null,"}}
[info] >    statement_descriptor: null, {"user":"  statement_descriptor: null,","metadata":{"emulator":{"name":"functions"},"function":{"name":"us-central1-api"},"extension":{},"message":"\u001b[90m> \u001b[39m   statement_descriptor: null,"}}
[info] >    statement_descriptor_suffix: null, {"user":"  statement_descriptor_suffix: null,","metadata":{"emulator":{"name":"functions"},"function":{"name":"us-central1-api"},"extension":{},"message":"\u001b[90m> \u001b[39m   statement_descriptor_suffix: null,"}}
[info] >    status: 'requires_payment_method', {"user":"  status: 'requires_payment_method',","metadata":{"emulator":{"name":"functions"},"function":{"name":"us-central1-api"},"extension":{},"message":"\u001b[90m> \u001b[39m   status: 'requires_payment_method',"}}
[info] >    transfer_data: null, {"user":"  transfer_data: null,","metadata":{"emulator":{"name":"functions"},"function":{"name":"us-central1-api"},"extension":{},"message":"\u001b[90m> \u001b[39m   transfer_data: null,"}}
[info] >    transfer_group: null {"user":"  transfer_group: null","metadata":{"emulator":{"name":"functions"},"function":{"name":"us-central1-api"},"extension":{},"message":"\u001b[90m> \u001b[39m   transfer_group: null"}}
[info] >  } {"user":"}","metadata":{"emulator":{"name":"functions"},"function":{"name":"us-central1-api"},"extension":{},"message":"\u001b[90m> \u001b[39m }"}}
[debug] [2024-12-07T15:46:55.512Z] Finishing up request with event=pause {"metadata":{"emulator":{"name":"functions"},"function":{"name":"us-central1-api"},"extension":{},"message":"Finishing up request with event=pause"}}
[info] i  functions: Finished "us-central1-api" in 914.7778ms {"metadata":{"emulator":{"name":"functions"},"function":{"name":"us-central1-api"},"extension":{},"message":"Finished \"us-central1-api\" in 914.7778ms"}}
[debug] [2024-12-07T15:46:55.514Z] [worker-us-central1-api-0b16e3e9-a7ba-45fb-a44e-8b53f631bd68]: IDLE {"metadata":{"emulator":{"name":"functions"},"function":{"name":"us-central1-api"},"extension":{},"message":"[worker-us-central1-api-0b16e3e9-a7ba-45fb-a44e-8b53f631bd68]: IDLE"}}
[debug] [2024-12-07T15:46:55.514Z] Finishing up request with event=finish {"metadata":{"emulator":{"name":"functions"},"function":{"name":"us-central1-api"},"extension":{},"message":"Finishing up request with event=finish"}}
[debug] [2024-12-07T15:46:55.515Z] Finishing up request with event=close {"metadata":{"emulator":{"name":"functions"},"function":{"name":"us-central1-api"},"extension":{},"message":"Finishing up request with event=close"}}
[debug] [2024-12-07T15:46:55.515Z] [work-queue] {"queuedWork":[],"queueLength":0,"runningWork":[],"workRunningCount":0}
[debug] [2024-12-07T15:53:34.237Z] [work-queue] {"queuedWork":["/clone-2fb4a/us-central1/api/payment/create-2024-12-07T15:53:34.237Z"],"queueLength":1,"runningWork":[],"workRunningCount":0}
[debug] [2024-12-07T15:53:34.238Z] [work-queue] {"queuedWork":[],"queueLength":0,"runningWork":["/clone-2fb4a/us-central1/api/payment/create-2024-12-07T15:53:34.237Z"],"workRunningCount":1}
[debug] [2024-12-07T15:53:34.238Z] Accepted request POST /clone-2fb4a/us-central1/api/payment/create?total=183796 --> us-central1-api
[debug] [2024-12-07T15:53:34.242Z] [functions] Runtime ready! Sending request! {"metadata":{"emulator":{"name":"functions"},"message":"[functions] Runtime ready! Sending request!"}}
[debug] [2024-12-07T15:53:34.242Z] [functions] Got req.url=/clone-2fb4a/us-central1/api/payment/create?total=183796, mapping to path=/payment/create?total=183796 {"metadata":{"emulator":{"name":"functions"},"message":"[functions] Got req.url=/clone-2fb4a/us-central1/api/payment/create?total=183796, mapping to path=/payment/create?total=183796"}}
[debug] [2024-12-07T15:53:34.242Z] [worker-pool] submitRequest(triggerId=us-central1-api) {"metadata":{"emulator":{"name":"functions"},"message":"[worker-pool] submitRequest(triggerId=us-central1-api)"}}
[info] i  functions: Beginning execution of "us-central1-api" {"metadata":{"emulator":{"name":"functions"},"function":{"name":"us-central1-api"},"extension":{},"message":"Beginning execution of \"us-central1-api\""}}
[debug] [2024-12-07T15:53:34.243Z] [worker-us-central1-api-0b16e3e9-a7ba-45fb-a44e-8b53f631bd68]: BUSY {"metadata":{"emulator":{"name":"functions"},"function":{"name":"us-central1-api"},"extension":{},"message":"[worker-us-central1-api-0b16e3e9-a7ba-45fb-a44e-8b53f631bd68]: BUSY"}}
[info] >  { {"user":"{","metadata":{"emulator":{"name":"functions"},"function":{"name":"us-central1-api"},"extension":{},"message":"\u001b[90m> \u001b[39m {"}}
[info] >    id: 'pi_3QTQKFGIRryRUydW13hRTmOp', {"user":"  id: 'pi_3QTQKFGIRryRUydW13hRTmOp',","metadata":{"emulator":{"name":"functions"},"function":{"name":"us-central1-api"},"extension":{},"message":"\u001b[90m> \u001b[39m   id: 'pi_3QTQKFGIRryRUydW13hRTmOp',"}}
[info] >    object: 'payment_intent', {"user":"  object: 'payment_intent',","metadata":{"emulator":{"name":"functions"},"function":{"name":"us-central1-api"},"extension":{},"message":"\u001b[90m> \u001b[39m   object: 'payment_intent',"}}
[info] >    amount: 183796, {"user":"  amount: 183796,","metadata":{"emulator":{"name":"functions"},"function":{"name":"us-central1-api"},"extension":{},"message":"\u001b[90m> \u001b[39m   amount: 183796,"}}
[info] >    amount_capturable: 0, {"user":"  amount_capturable: 0,","metadata":{"emulator":{"name":"functions"},"function":{"name":"us-central1-api"},"extension":{},"message":"\u001b[90m> \u001b[39m   amount_capturable: 0,"}}
[info] >    amount_details: { tip: {} }, {"user":"  amount_details: { tip: {} },","metadata":{"emulator":{"name":"functions"},"function":{"name":"us-central1-api"},"extension":{},"message":"\u001b[90m> \u001b[39m   amount_details: { tip: {} },"}}
[info] >    amount_received: 0, {"user":"  amount_received: 0,","metadata":{"emulator":{"name":"functions"},"function":{"name":"us-central1-api"},"extension":{},"message":"\u001b[90m> \u001b[39m   amount_received: 0,"}}
[info] >    application: null, {"user":"  application: null,","metadata":{"emulator":{"name":"functions"},"function":{"name":"us-central1-api"},"extension":{},"message":"\u001b[90m> \u001b[39m   application: null,"}}
[info] >    application_fee_amount: null, {"user":"  application_fee_amount: null,","metadata":{"emulator":{"name":"functions"},"function":{"name":"us-central1-api"},"extension":{},"message":"\u001b[90m> \u001b[39m   application_fee_amount: null,"}}
[info] >    automatic_payment_methods: { allow_redirects: 'always', enabled: true }, {"user":"  automatic_payment_methods: { allow_redirects: 'always', enabled: true },","metadata":{"emulator":{"name":"functions"},"function":{"name":"us-central1-api"},"extension":{},"message":"\u001b[90m> \u001b[39m   automatic_payment_methods: { allow_redirects: 'always', enabled: true },"}}
[info] >    canceled_at: null, {"user":"  canceled_at: null,","metadata":{"emulator":{"name":"functions"},"function":{"name":"us-central1-api"},"extension":{},"message":"\u001b[90m> \u001b[39m   canceled_at: null,"}}
[info] >    cancellation_reason: null, {"user":"  cancellation_reason: null,","metadata":{"emulator":{"name":"functions"},"function":{"name":"us-central1-api"},"extension":{},"message":"\u001b[90m> \u001b[39m   cancellation_reason: null,"}}
[info] >    capture_method: 'automatic_async', {"user":"  capture_method: 'automatic_async',","metadata":{"emulator":{"name":"functions"},"function":{"name":"us-central1-api"},"extension":{},"message":"\u001b[90m> \u001b[39m   capture_method: 'automatic_async',"}}
[info] >    client_secret: 'pi_3QTQKFGIRryRUydW13hRTmOp_secret_LHHd5Aa6FdtxFlDoZcOvhtq8I', {"user":"  client_secret: 'pi_3QTQKFGIRryRUydW13hRTmOp_secret_LHHd5Aa6FdtxFlDoZcOvhtq8I',","metadata":{"emulator":{"name":"functions"},"function":{"name":"us-central1-api"},"extension":{},"message":"\u001b[90m> \u001b[39m   client_secret: 'pi_3QTQKFGIRryRUydW13hRTmOp_secret_LHHd5Aa6FdtxFlDoZcOvhtq8I',"}}
[info] >    confirmation_method: 'automatic', {"user":"  confirmation_method: 'automatic',","metadata":{"emulator":{"name":"functions"},"function":{"name":"us-central1-api"},"extension":{},"message":"\u001b[90m> \u001b[39m   confirmation_method: 'automatic',"}}
[info] >    created: 1733586827, {"user":"  created: 1733586827,","metadata":{"emulator":{"name":"functions"},"function":{"name":"us-central1-api"},"extension":{},"message":"\u001b[90m> \u001b[39m   created: 1733586827,"}}
[info] >    currency: 'usd', {"user":"  currency: 'usd',","metadata":{"emulator":{"name":"functions"},"function":{"name":"us-central1-api"},"extension":{},"message":"\u001b[90m> \u001b[39m   currency: 'usd',"}}
[info] >    customer: null, {"user":"  customer: null,","metadata":{"emulator":{"name":"functions"},"function":{"name":"us-central1-api"},"extension":{},"message":"\u001b[90m> \u001b[39m   customer: null,"}}
[info] >    description: null, {"user":"  description: null,","metadata":{"emulator":{"name":"functions"},"function":{"name":"us-central1-api"},"extension":{},"message":"\u001b[90m> \u001b[39m   description: null,"}}
[info] >    invoice: null, {"user":"  invoice: null,","metadata":{"emulator":{"name":"functions"},"function":{"name":"us-central1-api"},"extension":{},"message":"\u001b[90m> \u001b[39m   invoice: null,"}}
[info] >    last_payment_error: null, {"user":"  last_payment_error: null,","metadata":{"emulator":{"name":"functions"},"function":{"name":"us-central1-api"},"extension":{},"message":"\u001b[90m> \u001b[39m   last_payment_error: null,"}}
[info] >    latest_charge: null, {"user":"  latest_charge: null,","metadata":{"emulator":{"name":"functions"},"function":{"name":"us-central1-api"},"extension":{},"message":"\u001b[90m> \u001b[39m   latest_charge: null,"}}
[info] >    livemode: false, {"user":"  livemode: false,","metadata":{"emulator":{"name":"functions"},"function":{"name":"us-central1-api"},"extension":{},"message":"\u001b[90m> \u001b[39m   livemode: false,"}}
[info] >    metadata: {}, {"user":"  metadata: {},","metadata":{"emulator":{"name":"functions"},"function":{"name":"us-central1-api"},"extension":{},"message":"\u001b[90m> \u001b[39m   metadata: {},"}}
[info] >    next_action: null, {"user":"  next_action: null,","metadata":{"emulator":{"name":"functions"},"function":{"name":"us-central1-api"},"extension":{},"message":"\u001b[90m> \u001b[39m   next_action: null,"}}
[info] >    on_behalf_of: null, {"user":"  on_behalf_of: null,","metadata":{"emulator":{"name":"functions"},"function":{"name":"us-central1-api"},"extension":{},"message":"\u001b[90m> \u001b[39m   on_behalf_of: null,"}}
[info] >    payment_method: null, {"user":"  payment_method: null,","metadata":{"emulator":{"name":"functions"},"function":{"name":"us-central1-api"},"extension":{},"message":"\u001b[90m> \u001b[39m   payment_method: null,"}}
[info] >    payment_method_configuration_details: { id: 'pmc_1QSyp8GIRryRUydWTNOsa7wm', parent: null }, {"user":"  payment_method_configuration_details: { id: 'pmc_1QSyp8GIRryRUydWTNOsa7wm', parent: null },","metadata":{"emulator":{"name":"functions"},"function":{"name":"us-central1-api"},"extension":{},"message":"\u001b[90m> \u001b[39m   payment_method_configuration_details: { id: 'pmc_1QSyp8GIRryRUydWTNOsa7wm', parent: null },"}}
[info] >    payment_method_options: { {"user":"  payment_method_options: {","metadata":{"emulator":{"name":"functions"},"function":{"name":"us-central1-api"},"extension":{},"message":"\u001b[90m> \u001b[39m   payment_method_options: {"}}
[info] >      affirm: {}, {"user":"    affirm: {},","metadata":{"emulator":{"name":"functions"},"function":{"name":"us-central1-api"},"extension":{},"message":"\u001b[90m> \u001b[39m     affirm: {},"}}
[info] >      amazon_pay: { express_checkout_element_session_id: null }, {"user":"    amazon_pay: { express_checkout_element_session_id: null },","metadata":{"emulator":{"name":"functions"},"function":{"name":"us-central1-api"},"extension":{},"message":"\u001b[90m> \u001b[39m     amazon_pay: { express_checkout_element_session_id: null },"}}
[info] >      card: { {"user":"    card: {","metadata":{"emulator":{"name":"functions"},"function":{"name":"us-central1-api"},"extension":{},"message":"\u001b[90m> \u001b[39m     card: {"}}
[info] >        installments: null, {"user":"      installments: null,","metadata":{"emulator":{"name":"functions"},"function":{"name":"us-central1-api"},"extension":{},"message":"\u001b[90m> \u001b[39m       installments: null,"}}
[info] >        mandate_options: null, {"user":"      mandate_options: null,","metadata":{"emulator":{"name":"functions"},"function":{"name":"us-central1-api"},"extension":{},"message":"\u001b[90m> \u001b[39m       mandate_options: null,"}}
[info] >        network: null, {"user":"      network: null,","metadata":{"emulator":{"name":"functions"},"function":{"name":"us-central1-api"},"extension":{},"message":"\u001b[90m> \u001b[39m       network: null,"}}
[info] >        request_three_d_secure: 'automatic' {"user":"      request_three_d_secure: 'automatic'","metadata":{"emulator":{"name":"functions"},"function":{"name":"us-central1-api"},"extension":{},"message":"\u001b[90m> \u001b[39m       request_three_d_secure: 'automatic'"}}
[info] >      }, {"user":"    },","metadata":{"emulator":{"name":"functions"},"function":{"name":"us-central1-api"},"extension":{},"message":"\u001b[90m> \u001b[39m     },"}}
[info] >      cashapp: {}, {"user":"    cashapp: {},","metadata":{"emulator":{"name":"functions"},"function":{"name":"us-central1-api"},"extension":{},"message":"\u001b[90m> \u001b[39m     cashapp: {},"}}
[info] >      klarna: { preferred_locale: null }, {"user":"    klarna: { preferred_locale: null },","metadata":{"emulator":{"name":"functions"},"function":{"name":"us-central1-api"},"extension":{},"message":"\u001b[90m> \u001b[39m     klarna: { preferred_locale: null },"}}
[info] >      link: { persistent_token: null } {"user":"    link: { persistent_token: null }","metadata":{"emulator":{"name":"functions"},"function":{"name":"us-central1-api"},"extension":{},"message":"\u001b[90m> \u001b[39m     link: { persistent_token: null }"}}
[info] >    }, {"user":"  },","metadata":{"emulator":{"name":"functions"},"function":{"name":"us-central1-api"},"extension":{},"message":"\u001b[90m> \u001b[39m   },"}}
[info] >    payment_method_types: [ 'card', 'klarna', 'link', 'affirm', 'cashapp', 'amazon_pay' ], {"user":"  payment_method_types: [ 'card', 'klarna', 'link', 'affirm', 'cashapp', 'amazon_pay' ],","metadata":{"emulator":{"name":"functions"},"function":{"name":"us-central1-api"},"extension":{},"message":"\u001b[90m> \u001b[39m   payment_method_types: [ 'card', 'klarna', 'link', 'affirm', 'cashapp', 'amazon_pay' ],"}}
[info] >    processing: null, {"user":"  processing: null,","metadata":{"emulator":{"name":"functions"},"function":{"name":"us-central1-api"},"extension":{},"message":"\u001b[90m> \u001b[39m   processing: null,"}}
[info] >    receipt_email: null, {"user":"  receipt_email: null,","metadata":{"emulator":{"name":"functions"},"function":{"name":"us-central1-api"},"extension":{},"message":"\u001b[90m> \u001b[39m   receipt_email: null,"}}
[info] >    review: null, {"user":"  review: null,","metadata":{"emulator":{"name":"functions"},"function":{"name":"us-central1-api"},"extension":{},"message":"\u001b[90m> \u001b[39m   review: null,"}}
[info] >    setup_future_usage: null, {"user":"  setup_future_usage: null,","metadata":{"emulator":{"name":"functions"},"function":{"name":"us-central1-api"},"extension":{},"message":"\u001b[90m> \u001b[39m   setup_future_usage: null,"}}
[info] >    shipping: null, {"user":"  shipping: null,","metadata":{"emulator":{"name":"functions"},"function":{"name":"us-central1-api"},"extension":{},"message":"\u001b[90m> \u001b[39m   shipping: null,"}}
[info] >    source: null, {"user":"  source: null,","metadata":{"emulator":{"name":"functions"},"function":{"name":"us-central1-api"},"extension":{},"message":"\u001b[90m> \u001b[39m   source: null,"}}
[info] >    statement_descriptor: null, {"user":"  statement_descriptor: null,","metadata":{"emulator":{"name":"functions"},"function":{"name":"us-central1-api"},"extension":{},"message":"\u001b[90m> \u001b[39m   statement_descriptor: null,"}}
[info] >    statement_descriptor_suffix: null, {"user":"  statement_descriptor_suffix: null,","metadata":{"emulator":{"name":"functions"},"function":{"name":"us-central1-api"},"extension":{},"message":"\u001b[90m> \u001b[39m   statement_descriptor_suffix: null,"}}
[info] >    status: 'requires_payment_method', {"user":"  status: 'requires_payment_method',","metadata":{"emulator":{"name":"functions"},"function":{"name":"us-central1-api"},"extension":{},"message":"\u001b[90m> \u001b[39m   status: 'requires_payment_method',"}}
[info] >    transfer_data: null, {"user":"  transfer_data: null,","metadata":{"emulator":{"name":"functions"},"function":{"name":"us-central1-api"},"extension":{},"message":"\u001b[90m> \u001b[39m   transfer_data: null,"}}
[info] >    transfer_group: null {"user":"  transfer_group: null","metadata":{"emulator":{"name":"functions"},"function":{"name":"us-central1-api"},"extension":{},"message":"\u001b[90m> \u001b[39m   transfer_group: null"}}
[info] >  } {"user":"}","metadata":{"emulator":{"name":"functions"},"function":{"name":"us-central1-api"},"extension":{},"message":"\u001b[90m> \u001b[39m }"}}
[debug] [2024-12-07T15:53:36.688Z] Finishing up request with event=pause {"metadata":{"emulator":{"name":"functions"},"function":{"name":"us-central1-api"},"extension":{},"message":"Finishing up request with event=pause"}}
[info] i  functions: Finished "us-central1-api" in 2445.548ms {"metadata":{"emulator":{"name":"functions"},"function":{"name":"us-central1-api"},"extension":{},"message":"Finished \"us-central1-api\" in 2445.548ms"}}
[debug] [2024-12-07T15:53:36.689Z] [worker-us-central1-api-0b16e3e9-a7ba-45fb-a44e-8b53f631bd68]: IDLE {"metadata":{"emulator":{"name":"functions"},"function":{"name":"us-central1-api"},"extension":{},"message":"[worker-us-central1-api-0b16e3e9-a7ba-45fb-a44e-8b53f631bd68]: IDLE"}}
[debug] [2024-12-07T15:53:36.690Z] Finishing up request with event=finish {"metadata":{"emulator":{"name":"functions"},"function":{"name":"us-central1-api"},"extension":{},"message":"Finishing up request with event=finish"}}
[debug] [2024-12-07T15:53:36.690Z] Finishing up request with event=close {"metadata":{"emulator":{"name":"functions"},"function":{"name":"us-central1-api"},"extension":{},"message":"Finishing up request with event=close"}}
[debug] [2024-12-07T15:53:36.690Z] [work-queue] {"queuedWork":[],"queueLength":0,"runningWork":[],"workRunningCount":0}
[debug] [2024-12-07T15:58:15.144Z] [work-queue] {"queuedWork":["/clone-2fb4a/us-central1/api/payment/create-2024-12-07T15:58:15.143Z"],"queueLength":1,"runningWork":[],"workRunningCount":0}
[debug] [2024-12-07T15:58:15.144Z] [work-queue] {"queuedWork":[],"queueLength":0,"runningWork":["/clone-2fb4a/us-central1/api/payment/create-2024-12-07T15:58:15.143Z"],"workRunningCount":1}
[debug] [2024-12-07T15:58:15.144Z] Accepted request POST /clone-2fb4a/us-central1/api/payment/create?total=10995 --> us-central1-api
[debug] [2024-12-07T15:58:15.148Z] [functions] Runtime ready! Sending request! {"metadata":{"emulator":{"name":"functions"},"message":"[functions] Runtime ready! Sending request!"}}
[debug] [2024-12-07T15:58:15.149Z] [functions] Got req.url=/clone-2fb4a/us-central1/api/payment/create?total=10995, mapping to path=/payment/create?total=10995 {"metadata":{"emulator":{"name":"functions"},"message":"[functions] Got req.url=/clone-2fb4a/us-central1/api/payment/create?total=10995, mapping to path=/payment/create?total=10995"}}
[debug] [2024-12-07T15:58:15.149Z] [worker-pool] submitRequest(triggerId=us-central1-api) {"metadata":{"emulator":{"name":"functions"},"message":"[worker-pool] submitRequest(triggerId=us-central1-api)"}}
[info] i  functions: Beginning execution of "us-central1-api" {"metadata":{"emulator":{"name":"functions"},"function":{"name":"us-central1-api"},"extension":{},"message":"Beginning execution of \"us-central1-api\""}}
[debug] [2024-12-07T15:58:15.150Z] [worker-us-central1-api-0b16e3e9-a7ba-45fb-a44e-8b53f631bd68]: BUSY {"metadata":{"emulator":{"name":"functions"},"function":{"name":"us-central1-api"},"extension":{},"message":"[worker-us-central1-api-0b16e3e9-a7ba-45fb-a44e-8b53f631bd68]: BUSY"}}
[info] >  { {"user":"{","metadata":{"emulator":{"name":"functions"},"function":{"name":"us-central1-api"},"extension":{},"message":"\u001b[90m> \u001b[39m {"}}
[info] >    id: 'pi_3QTQOmGIRryRUydW1JeetxTH', {"user":"  id: 'pi_3QTQOmGIRryRUydW1JeetxTH',","metadata":{"emulator":{"name":"functions"},"function":{"name":"us-central1-api"},"extension":{},"message":"\u001b[90m> \u001b[39m   id: 'pi_3QTQOmGIRryRUydW1JeetxTH',"}}
[info] >    object: 'payment_intent', {"user":"  object: 'payment_intent',","metadata":{"emulator":{"name":"functions"},"function":{"name":"us-central1-api"},"extension":{},"message":"\u001b[90m> \u001b[39m   object: 'payment_intent',"}}
[info] >    amount: 10995, {"user":"  amount: 10995,","metadata":{"emulator":{"name":"functions"},"function":{"name":"us-central1-api"},"extension":{},"message":"\u001b[90m> \u001b[39m   amount: 10995,"}}
[info] >    amount_capturable: 0, {"user":"  amount_capturable: 0,","metadata":{"emulator":{"name":"functions"},"function":{"name":"us-central1-api"},"extension":{},"message":"\u001b[90m> \u001b[39m   amount_capturable: 0,"}}
[info] >    amount_details: { tip: {} }, {"user":"  amount_details: { tip: {} },","metadata":{"emulator":{"name":"functions"},"function":{"name":"us-central1-api"},"extension":{},"message":"\u001b[90m> \u001b[39m   amount_details: { tip: {} },"}}
[info] >    amount_received: 0, {"user":"  amount_received: 0,","metadata":{"emulator":{"name":"functions"},"function":{"name":"us-central1-api"},"extension":{},"message":"\u001b[90m> \u001b[39m   amount_received: 0,"}}
[info] >    application: null, {"user":"  application: null,","metadata":{"emulator":{"name":"functions"},"function":{"name":"us-central1-api"},"extension":{},"message":"\u001b[90m> \u001b[39m   application: null,"}}
[info] >    application_fee_amount: null, {"user":"  application_fee_amount: null,","metadata":{"emulator":{"name":"functions"},"function":{"name":"us-central1-api"},"extension":{},"message":"\u001b[90m> \u001b[39m   application_fee_amount: null,"}}
[info] >    automatic_payment_methods: { allow_redirects: 'always', enabled: true }, {"user":"  automatic_payment_methods: { allow_redirects: 'always', enabled: true },","metadata":{"emulator":{"name":"functions"},"function":{"name":"us-central1-api"},"extension":{},"message":"\u001b[90m> \u001b[39m   automatic_payment_methods: { allow_redirects: 'always', enabled: true },"}}
[info] >    canceled_at: null, {"user":"  canceled_at: null,","metadata":{"emulator":{"name":"functions"},"function":{"name":"us-central1-api"},"extension":{},"message":"\u001b[90m> \u001b[39m   canceled_at: null,"}}
[info] >    cancellation_reason: null, {"user":"  cancellation_reason: null,","metadata":{"emulator":{"name":"functions"},"function":{"name":"us-central1-api"},"extension":{},"message":"\u001b[90m> \u001b[39m   cancellation_reason: null,"}}
[info] >    capture_method: 'automatic_async', {"user":"  capture_method: 'automatic_async',","metadata":{"emulator":{"name":"functions"},"function":{"name":"us-central1-api"},"extension":{},"message":"\u001b[90m> \u001b[39m   capture_method: 'automatic_async',"}}
[info] >    client_secret: 'pi_3QTQOmGIRryRUydW1JeetxTH_secret_Z9ccllfx3xilCao32Wta3YHPa', {"user":"  client_secret: 'pi_3QTQOmGIRryRUydW1JeetxTH_secret_Z9ccllfx3xilCao32Wta3YHPa',","metadata":{"emulator":{"name":"functions"},"function":{"name":"us-central1-api"},"extension":{},"message":"\u001b[90m> \u001b[39m   client_secret: 'pi_3QTQOmGIRryRUydW1JeetxTH_secret_Z9ccllfx3xilCao32Wta3YHPa',"}}
[info] >    confirmation_method: 'automatic', {"user":"  confirmation_method: 'automatic',","metadata":{"emulator":{"name":"functions"},"function":{"name":"us-central1-api"},"extension":{},"message":"\u001b[90m> \u001b[39m   confirmation_method: 'automatic',"}}
[info] >    created: 1733587108, {"user":"  created: 1733587108,","metadata":{"emulator":{"name":"functions"},"function":{"name":"us-central1-api"},"extension":{},"message":"\u001b[90m> \u001b[39m   created: 1733587108,"}}
[info] >    currency: 'usd', {"user":"  currency: 'usd',","metadata":{"emulator":{"name":"functions"},"function":{"name":"us-central1-api"},"extension":{},"message":"\u001b[90m> \u001b[39m   currency: 'usd',"}}
[info] >    customer: null, {"user":"  customer: null,","metadata":{"emulator":{"name":"functions"},"function":{"name":"us-central1-api"},"extension":{},"message":"\u001b[90m> \u001b[39m   customer: null,"}}
[info] >    description: null, {"user":"  description: null,","metadata":{"emulator":{"name":"functions"},"function":{"name":"us-central1-api"},"extension":{},"message":"\u001b[90m> \u001b[39m   description: null,"}}
[info] >    invoice: null, {"user":"  invoice: null,","metadata":{"emulator":{"name":"functions"},"function":{"name":"us-central1-api"},"extension":{},"message":"\u001b[90m> \u001b[39m   invoice: null,"}}
[info] >    last_payment_error: null, {"user":"  last_payment_error: null,","metadata":{"emulator":{"name":"functions"},"function":{"name":"us-central1-api"},"extension":{},"message":"\u001b[90m> \u001b[39m   last_payment_error: null,"}}
[info] >    latest_charge: null, {"user":"  latest_charge: null,","metadata":{"emulator":{"name":"functions"},"function":{"name":"us-central1-api"},"extension":{},"message":"\u001b[90m> \u001b[39m   latest_charge: null,"}}
[info] >    livemode: false, {"user":"  livemode: false,","metadata":{"emulator":{"name":"functions"},"function":{"name":"us-central1-api"},"extension":{},"message":"\u001b[90m> \u001b[39m   livemode: false,"}}
[info] >    metadata: {}, {"user":"  metadata: {},","metadata":{"emulator":{"name":"functions"},"function":{"name":"us-central1-api"},"extension":{},"message":"\u001b[90m> \u001b[39m   metadata: {},"}}
[info] >    next_action: null, {"user":"  next_action: null,","metadata":{"emulator":{"name":"functions"},"function":{"name":"us-central1-api"},"extension":{},"message":"\u001b[90m> \u001b[39m   next_action: null,"}}
[info] >    on_behalf_of: null, {"user":"  on_behalf_of: null,","metadata":{"emulator":{"name":"functions"},"function":{"name":"us-central1-api"},"extension":{},"message":"\u001b[90m> \u001b[39m   on_behalf_of: null,"}}
[info] >    payment_method: null, {"user":"  payment_method: null,","metadata":{"emulator":{"name":"functions"},"function":{"name":"us-central1-api"},"extension":{},"message":"\u001b[90m> \u001b[39m   payment_method: null,"}}
[info] >    payment_method_configuration_details: { id: 'pmc_1QSyp8GIRryRUydWTNOsa7wm', parent: null }, {"user":"  payment_method_configuration_details: { id: 'pmc_1QSyp8GIRryRUydWTNOsa7wm', parent: null },","metadata":{"emulator":{"name":"functions"},"function":{"name":"us-central1-api"},"extension":{},"message":"\u001b[90m> \u001b[39m   payment_method_configuration_details: { id: 'pmc_1QSyp8GIRryRUydWTNOsa7wm', parent: null },"}}
[info] >    payment_method_options: { {"user":"  payment_method_options: {","metadata":{"emulator":{"name":"functions"},"function":{"name":"us-central1-api"},"extension":{},"message":"\u001b[90m> \u001b[39m   payment_method_options: {"}}
[info] >      affirm: {}, {"user":"    affirm: {},","metadata":{"emulator":{"name":"functions"},"function":{"name":"us-central1-api"},"extension":{},"message":"\u001b[90m> \u001b[39m     affirm: {},"}}
[info] >      amazon_pay: { express_checkout_element_session_id: null }, {"user":"    amazon_pay: { express_checkout_element_session_id: null },","metadata":{"emulator":{"name":"functions"},"function":{"name":"us-central1-api"},"extension":{},"message":"\u001b[90m> \u001b[39m     amazon_pay: { express_checkout_element_session_id: null },"}}
[info] >      card: { {"user":"    card: {","metadata":{"emulator":{"name":"functions"},"function":{"name":"us-central1-api"},"extension":{},"message":"\u001b[90m> \u001b[39m     card: {"}}
[info] >        installments: null, {"user":"      installments: null,","metadata":{"emulator":{"name":"functions"},"function":{"name":"us-central1-api"},"extension":{},"message":"\u001b[90m> \u001b[39m       installments: null,"}}
[info] >        mandate_options: null, {"user":"      mandate_options: null,","metadata":{"emulator":{"name":"functions"},"function":{"name":"us-central1-api"},"extension":{},"message":"\u001b[90m> \u001b[39m       mandate_options: null,"}}
[info] >        network: null, {"user":"      network: null,","metadata":{"emulator":{"name":"functions"},"function":{"name":"us-central1-api"},"extension":{},"message":"\u001b[90m> \u001b[39m       network: null,"}}
[info] >        request_three_d_secure: 'automatic' {"user":"      request_three_d_secure: 'automatic'","metadata":{"emulator":{"name":"functions"},"function":{"name":"us-central1-api"},"extension":{},"message":"\u001b[90m> \u001b[39m       request_three_d_secure: 'automatic'"}}
[info] >      }, {"user":"    },","metadata":{"emulator":{"name":"functions"},"function":{"name":"us-central1-api"},"extension":{},"message":"\u001b[90m> \u001b[39m     },"}}
[info] >      cashapp: {}, {"user":"    cashapp: {},","metadata":{"emulator":{"name":"functions"},"function":{"name":"us-central1-api"},"extension":{},"message":"\u001b[90m> \u001b[39m     cashapp: {},"}}
[info] >      klarna: { preferred_locale: null }, {"user":"    klarna: { preferred_locale: null },","metadata":{"emulator":{"name":"functions"},"function":{"name":"us-central1-api"},"extension":{},"message":"\u001b[90m> \u001b[39m     klarna: { preferred_locale: null },"}}
[info] >      link: { persistent_token: null } {"user":"    link: { persistent_token: null }","metadata":{"emulator":{"name":"functions"},"function":{"name":"us-central1-api"},"extension":{},"message":"\u001b[90m> \u001b[39m     link: { persistent_token: null }"}}
[info] >    }, {"user":"  },","metadata":{"emulator":{"name":"functions"},"function":{"name":"us-central1-api"},"extension":{},"message":"\u001b[90m> \u001b[39m   },"}}
[info] >    payment_method_types: [ 'card', 'klarna', 'link', 'affirm', 'cashapp', 'amazon_pay' ], {"user":"  payment_method_types: [ 'card', 'klarna', 'link', 'affirm', 'cashapp', 'amazon_pay' ],","metadata":{"emulator":{"name":"functions"},"function":{"name":"us-central1-api"},"extension":{},"message":"\u001b[90m> \u001b[39m   payment_method_types: [ 'card', 'klarna', 'link', 'affirm', 'cashapp', 'amazon_pay' ],"}}
[info] >    processing: null, {"user":"  processing: null,","metadata":{"emulator":{"name":"functions"},"function":{"name":"us-central1-api"},"extension":{},"message":"\u001b[90m> \u001b[39m   processing: null,"}}
[info] >    receipt_email: null, {"user":"  receipt_email: null,","metadata":{"emulator":{"name":"functions"},"function":{"name":"us-central1-api"},"extension":{},"message":"\u001b[90m> \u001b[39m   receipt_email: null,"}}
[info] >    review: null, {"user":"  review: null,","metadata":{"emulator":{"name":"functions"},"function":{"name":"us-central1-api"},"extension":{},"message":"\u001b[90m> \u001b[39m   review: null,"}}
[info] >    setup_future_usage: null, {"user":"  setup_future_usage: null,","metadata":{"emulator":{"name":"functions"},"function":{"name":"us-central1-api"},"extension":{},"message":"\u001b[90m> \u001b[39m   setup_future_usage: null,"}}
[info] >    shipping: null, {"user":"  shipping: null,","metadata":{"emulator":{"name":"functions"},"function":{"name":"us-central1-api"},"extension":{},"message":"\u001b[90m> \u001b[39m   shipping: null,"}}
[info] >    source: null, {"user":"  source: null,","metadata":{"emulator":{"name":"functions"},"function":{"name":"us-central1-api"},"extension":{},"message":"\u001b[90m> \u001b[39m   source: null,"}}
[info] >    statement_descriptor: null, {"user":"  statement_descriptor: null,","metadata":{"emulator":{"name":"functions"},"function":{"name":"us-central1-api"},"extension":{},"message":"\u001b[90m> \u001b[39m   statement_descriptor: null,"}}
[info] >    statement_descriptor_suffix: null, {"user":"  statement_descriptor_suffix: null,","metadata":{"emulator":{"name":"functions"},"function":{"name":"us-central1-api"},"extension":{},"message":"\u001b[90m> \u001b[39m   statement_descriptor_suffix: null,"}}
[info] >    status: 'requires_payment_method', {"user":"  status: 'requires_payment_method',","metadata":{"emulator":{"name":"functions"},"function":{"name":"us-central1-api"},"extension":{},"message":"\u001b[90m> \u001b[39m   status: 'requires_payment_method',"}}
[info] >    transfer_data: null, {"user":"  transfer_data: null,","metadata":{"emulator":{"name":"functions"},"function":{"name":"us-central1-api"},"extension":{},"message":"\u001b[90m> \u001b[39m   transfer_data: null,"}}
[info] >    transfer_group: null {"user":"  transfer_group: null","metadata":{"emulator":{"name":"functions"},"function":{"name":"us-central1-api"},"extension":{},"message":"\u001b[90m> \u001b[39m   transfer_group: null"}}
[info] >  } {"user":"}","metadata":{"emulator":{"name":"functions"},"function":{"name":"us-central1-api"},"extension":{},"message":"\u001b[90m> \u001b[39m }"}}
[debug] [2024-12-07T15:58:17.447Z] Finishing up request with event=pause {"metadata":{"emulator":{"name":"functions"},"function":{"name":"us-central1-api"},"extension":{},"message":"Finishing up request with event=pause"}}
[info] i  functions: Finished "us-central1-api" in 2297.7736ms {"metadata":{"emulator":{"name":"functions"},"function":{"name":"us-central1-api"},"extension":{},"message":"Finished \"us-central1-api\" in 2297.7736ms"}}
[debug] [2024-12-07T15:58:17.448Z] [worker-us-central1-api-0b16e3e9-a7ba-45fb-a44e-8b53f631bd68]: IDLE {"metadata":{"emulator":{"name":"functions"},"function":{"name":"us-central1-api"},"extension":{},"message":"[worker-us-central1-api-0b16e3e9-a7ba-45fb-a44e-8b53f631bd68]: IDLE"}}
[debug] [2024-12-07T15:58:17.449Z] Finishing up request with event=finish {"metadata":{"emulator":{"name":"functions"},"function":{"name":"us-central1-api"},"extension":{},"message":"Finishing up request with event=finish"}}
[debug] [2024-12-07T15:58:17.449Z] Finishing up request with event=close {"metadata":{"emulator":{"name":"functions"},"function":{"name":"us-central1-api"},"extension":{},"message":"Finishing up request with event=close"}}
[debug] [2024-12-07T15:58:17.449Z] [work-queue] {"queuedWork":[],"queueLength":0,"runningWork":[],"workRunningCount":0}
